{"/home/travis/build/npmtest/node-npmtest-intercom-client/test.js":{"path":"/home/travis/build/npmtest/node-npmtest-intercom-client/test.js","s":{"1":2,"2":2,"3":2,"4":2,"5":2,"6":2,"7":2,"8":1,"9":2,"10":2,"11":1,"12":1,"13":1,"14":1,"15":2,"16":2,"17":2,"18":2,"19":1,"20":1,"21":2,"22":2,"23":2,"24":1,"25":1,"26":1,"27":1,"28":1,"29":1,"30":1,"31":1,"32":1,"33":1,"34":1,"35":1,"36":1,"37":2,"38":2,"39":1,"40":2,"41":2,"42":1,"43":2,"44":2,"45":1,"46":2,"47":2,"48":1,"49":1,"50":1,"51":1,"52":1},"b":{"1":[2,1,1,1],"2":[1,1,1,1],"3":[1,1],"4":[1,1],"5":[1,1],"6":[1,1],"7":[1,1],"8":[1,1],"9":[1,1,1],"10":[1,1],"11":[1,1],"12":[1,1],"13":[1,1],"14":[1,1],"15":[1,1],"16":[1,1]},"f":{"1":2,"2":2,"3":2,"4":2,"5":2,"6":1,"7":1,"8":2,"9":2,"10":2,"11":2,"12":1},"fnMap":{"1":{"name":"(anonymous_1)","line":12,"loc":{"start":{"line":12,"column":1},"end":{"line":12,"column":13}}},"2":{"name":"(anonymous_2)","line":19,"loc":{"start":{"line":19,"column":5},"end":{"line":19,"column":17}}},"3":{"name":"(anonymous_3)","line":23,"loc":{"start":{"line":23,"column":24},"end":{"line":23,"column":36}}},"4":{"name":"(anonymous_4)","line":61,"loc":{"start":{"line":61,"column":5},"end":{"line":61,"column":17}}},"5":{"name":"(anonymous_5)","line":82,"loc":{"start":{"line":82,"column":5},"end":{"line":82,"column":17}}},"6":{"name":"(anonymous_6)","line":102,"loc":{"start":{"line":102,"column":83},"end":{"line":105,"column":10}},"skip":true},"7":{"name":"(anonymous_7)","line":113,"loc":{"start":{"line":113,"column":77},"end":{"line":116,"column":10}},"skip":true},"8":{"name":"(anonymous_8)","line":129,"loc":{"start":{"line":129,"column":12},"end":{"line":129,"column":40}},"skip":true},"9":{"name":"(anonymous_9)","line":137,"loc":{"start":{"line":137,"column":77},"end":{"line":140,"column":10}},"skip":true},"10":{"name":"(anonymous_10)","line":148,"loc":{"start":{"line":148,"column":83},"end":{"line":151,"column":10}},"skip":true},"11":{"name":"(anonymous_11)","line":159,"loc":{"start":{"line":159,"column":79},"end":{"line":162,"column":10}},"skip":true},"12":{"name":"(anonymous_12)","line":170,"loc":{"start":{"line":170,"column":75},"end":{"line":173,"column":10}},"skip":true}},"statementMap":{"1":{"start":{"line":12,"column":0},"end":{"line":185,"column":5}},"2":{"start":{"line":14,"column":4},"end":{"line":14,"column":14}},"3":{"start":{"line":19,"column":4},"end":{"line":56,"column":9}},"4":{"start":{"line":21,"column":8},"end":{"line":21,"column":19}},"5":{"start":{"line":23,"column":8},"end":{"line":35,"column":13}},"6":{"start":{"line":24,"column":12},"end":{"line":34,"column":13}},"7":{"start":{"line":25,"column":16},"end":{"line":28,"column":30}},"8":{"start":{"line":30,"column":16},"end":{"line":33,"column":27}},"9":{"start":{"line":37,"column":8},"end":{"line":39,"column":21}},"10":{"start":{"line":40,"column":8},"end":{"line":53,"column":9}},"11":{"start":{"line":43,"column":12},"end":{"line":46,"column":14}},"12":{"start":{"line":47,"column":12},"end":{"line":47,"column":18}},"13":{"start":{"line":50,"column":12},"end":{"line":51,"column":46}},"14":{"start":{"line":52,"column":12},"end":{"line":52,"column":18}},"15":{"start":{"line":55,"column":8},"end":{"line":55,"column":35}},"16":{"start":{"line":61,"column":4},"end":{"line":63,"column":9}},"17":{"start":{"line":62,"column":8},"end":{"line":62,"column":15}},"18":{"start":{"line":64,"column":4},"end":{"line":77,"column":5}},"19":{"start":{"line":70,"column":8},"end":{"line":70,"column":14}},"20":{"start":{"line":76,"column":8},"end":{"line":76,"column":14}},"21":{"start":{"line":82,"column":4},"end":{"line":84,"column":9}},"22":{"start":{"line":83,"column":8},"end":{"line":83,"column":15}},"23":{"start":{"line":85,"column":4},"end":{"line":184,"column":5}},"24":{"start":{"line":92,"column":8},"end":{"line":94,"column":63}},"25":{"start":{"line":95,"column":8},"end":{"line":95,"column":14}},"26":{"start":{"line":102,"column":8},"end":{"line":111,"column":10},"skip":true},"27":{"start":{"line":109,"column":12},"end":{"line":109,"column":55},"skip":true},"28":{"start":{"line":110,"column":12},"end":{"line":110,"column":48},"skip":true},"29":{"start":{"line":113,"column":8},"end":{"line":126,"column":10},"skip":true},"30":{"start":{"line":120,"column":12},"end":{"line":120,"column":76},"skip":true},"31":{"start":{"line":121,"column":12},"end":{"line":121,"column":73},"skip":true},"32":{"start":{"line":122,"column":12},"end":{"line":122,"column":74},"skip":true},"33":{"start":{"line":123,"column":12},"end":{"line":123,"column":79},"skip":true},"34":{"start":{"line":124,"column":12},"end":{"line":124,"column":25},"skip":true},"35":{"start":{"line":125,"column":12},"end":{"line":125,"column":45},"skip":true},"36":{"start":{"line":128,"column":8},"end":{"line":135,"column":14},"skip":true},"37":{"start":{"line":133,"column":16},"end":{"line":133,"column":29},"skip":true},"38":{"start":{"line":134,"column":16},"end":{"line":134,"column":55},"skip":true},"39":{"start":{"line":137,"column":8},"end":{"line":146,"column":10},"skip":true},"40":{"start":{"line":144,"column":12},"end":{"line":144,"column":25},"skip":true},"41":{"start":{"line":145,"column":12},"end":{"line":145,"column":45},"skip":true},"42":{"start":{"line":148,"column":8},"end":{"line":157,"column":10},"skip":true},"43":{"start":{"line":155,"column":12},"end":{"line":155,"column":25},"skip":true},"44":{"start":{"line":156,"column":12},"end":{"line":156,"column":48},"skip":true},"45":{"start":{"line":159,"column":8},"end":{"line":168,"column":10},"skip":true},"46":{"start":{"line":166,"column":12},"end":{"line":166,"column":25},"skip":true},"47":{"start":{"line":167,"column":12},"end":{"line":167,"column":46},"skip":true},"48":{"start":{"line":170,"column":8},"end":{"line":179,"column":10},"skip":true},"49":{"start":{"line":177,"column":12},"end":{"line":177,"column":94},"skip":true},"50":{"start":{"line":178,"column":12},"end":{"line":178,"column":48},"skip":true},"51":{"start":{"line":182,"column":8},"end":{"line":182,"column":35},"skip":true},"52":{"start":{"line":183,"column":8},"end":{"line":183,"column":14},"skip":true}},"branchMap":{"1":{"line":25,"type":"binary-expr","locations":[{"start":{"line":25,"column":23},"end":{"line":25,"column":62}},{"start":{"line":26,"column":20},"end":{"line":26,"column":70}},{"start":{"line":27,"column":20},"end":{"line":27,"column":71}},{"start":{"line":28,"column":20},"end":{"line":28,"column":29}}]},"2":{"line":30,"type":"binary-expr","locations":[{"start":{"line":30,"column":23},"end":{"line":30,"column":37}},{"start":{"line":31,"column":20},"end":{"line":31,"column":61}},{"start":{"line":32,"column":20},"end":{"line":32,"column":70}},{"start":{"line":33,"column":20},"end":{"line":33,"column":26}}]},"3":{"line":37,"type":"cond-expr","locations":[{"start":{"line":38,"column":14},"end":{"line":38,"column":20}},{"start":{"line":39,"column":14},"end":{"line":39,"column":20}}]},"4":{"line":40,"type":"switch","locations":[{"start":{"line":42,"column":8},"end":{"line":47,"column":18}},{"start":{"line":49,"column":8},"end":{"line":52,"column":18}}]},"5":{"line":44,"type":"binary-expr","locations":[{"start":{"line":44,"column":16},"end":{"line":44,"column":44}},{"start":{"line":44,"column":48},"end":{"line":44,"column":66}}]},"6":{"line":50,"type":"binary-expr","locations":[{"start":{"line":50,"column":21},"end":{"line":50,"column":49}},{"start":{"line":50,"column":53},"end":{"line":50,"column":72}}]},"7":{"line":64,"type":"switch","locations":[{"start":{"line":69,"column":4},"end":{"line":70,"column":14}},{"start":{"line":75,"column":4},"end":{"line":76,"column":14}}]},"8":{"line":85,"type":"switch","locations":[{"start":{"line":90,"column":4},"end":{"line":95,"column":14}},{"start":{"line":101,"column":4},"end":{"line":183,"column":14},"skip":true}]},"9":{"line":92,"type":"binary-expr","locations":[{"start":{"line":92,"column":18},"end":{"line":92,"column":32}},{"start":{"line":93,"column":12},"end":{"line":93,"column":53}},{"start":{"line":94,"column":12},"end":{"line":94,"column":61}}]},"10":{"line":102,"type":"binary-expr","locations":[{"start":{"line":102,"column":45},"end":{"line":102,"column":79},"skip":true},{"start":{"line":102,"column":83},"end":{"line":111,"column":9},"skip":true}]},"11":{"line":113,"type":"binary-expr","locations":[{"start":{"line":113,"column":42},"end":{"line":113,"column":73},"skip":true},{"start":{"line":113,"column":77},"end":{"line":126,"column":9},"skip":true}]},"12":{"line":128,"type":"binary-expr","locations":[{"start":{"line":128,"column":48},"end":{"line":128,"column":85},"skip":true},{"start":{"line":129,"column":12},"end":{"line":135,"column":13},"skip":true}]},"13":{"line":137,"type":"binary-expr","locations":[{"start":{"line":137,"column":42},"end":{"line":137,"column":73},"skip":true},{"start":{"line":137,"column":77},"end":{"line":146,"column":9},"skip":true}]},"14":{"line":148,"type":"binary-expr","locations":[{"start":{"line":148,"column":45},"end":{"line":148,"column":79},"skip":true},{"start":{"line":148,"column":83},"end":{"line":157,"column":9},"skip":true}]},"15":{"line":159,"type":"binary-expr","locations":[{"start":{"line":159,"column":43},"end":{"line":159,"column":75},"skip":true},{"start":{"line":159,"column":79},"end":{"line":168,"column":9},"skip":true}]},"16":{"line":170,"type":"binary-expr","locations":[{"start":{"line":170,"column":41},"end":{"line":170,"column":71},"skip":true},{"start":{"line":170,"column":75},"end":{"line":179,"column":9},"skip":true}]}},"code":["/* istanbul instrument in package npmtest_intercom_client */","/*jslint","    bitwise: true,","    browser: true,","    maxerr: 8,","    maxlen: 96,","    node: true,","    nomen: true,","    regexp: true,","    stupid: true","*/","(function () {","    'use strict';","    var local;","","","","    // run shared js-env code - pre-init","    (function () {","        // init local","        local = {};","        // init modeJs","        local.modeJs = (function () {","            try {","                return typeof navigator.userAgent === 'string' &&","                    typeof document.querySelector('body') === 'object' &&","                    typeof XMLHttpRequest.prototype.open === 'function' &&","                    'browser';","            } catch (errorCaughtBrowser) {","                return module.exports &&","                    typeof process.versions.node === 'string' &&","                    typeof require('http').createServer === 'function' &&","                    'node';","            }","        }());","        // init global","        local.global = local.modeJs === 'browser'","            ? window","            : global;","        switch (local.modeJs) {","        // re-init local from window.local","        case 'browser':","            local = local.global.utility2.objectSetDefault(","                local.global.utility2_rollup || local.global.local,","                local.global.utility2","            );","            break;","        // re-init local from example.js","        case 'node':","            local = (local.global.utility2_rollup || require('utility2'))","                .requireExampleJsFromReadme();","            break;","        }","        // export local","        local.global.local = local;","    }());","","","","    // run shared js-env code - function","    (function () {","        return;","    }());","    switch (local.modeJs) {","","","","    // run browser js-env code - function","    case 'browser':","        break;","","","","    // run node js-env code - function","    case 'node':","        break;","    }","","","","    // run shared js-env code - post-init","    (function () {","        return;","    }());","    switch (local.modeJs) {","","","","    // run browser js-env code - post-init","    case 'browser':","        // run tests","        local.nop(local.modeTest &&","            document.querySelector('#testRunButton1') &&","            document.querySelector('#testRunButton1').click());","        break;","","","","    // run node js-env code - post-init","    /* istanbul ignore next */","    case 'node':","        local.testCase_buildApidoc_default = local.testCase_buildApidoc_default || function (","            options,","            onError","        ) {","        /*","         * this function will test buildApidoc's default handling-behavior-behavior","         */","            options = { modulePathList: module.paths };","            local.buildApidoc(options, onError);","        };","","        local.testCase_buildApp_default = local.testCase_buildApp_default || function (","            options,","            onError","        ) {","        /*","         * this function will test buildApp's default handling-behavior-behavior","         */","            local.testCase_buildReadme_default(options, local.onErrorThrow);","            local.testCase_buildLib_default(options, local.onErrorThrow);","            local.testCase_buildTest_default(options, local.onErrorThrow);","            local.testCase_buildCustomOrg_default(options, local.onErrorThrow);","            options = [];","            local.buildApp(options, onError);","        };","","        local.testCase_buildCustomOrg_default = local.testCase_buildCustomOrg_default ||","            function (options, onError) {","            /*","             * this function will test buildCustomOrg's default handling-behavior","             */","                options = {};","                local.buildCustomOrg(options, onError);","            };","","        local.testCase_buildLib_default = local.testCase_buildLib_default || function (","            options,","            onError","        ) {","        /*","         * this function will test buildLib's default handling-behavior","         */","            options = {};","            local.buildLib(options, onError);","        };","","        local.testCase_buildReadme_default = local.testCase_buildReadme_default || function (","            options,","            onError","        ) {","        /*","         * this function will test buildReadme's default handling-behavior-behavior","         */","            options = {};","            local.buildReadme(options, onError);","        };","","        local.testCase_buildTest_default = local.testCase_buildTest_default || function (","            options,","            onError","        ) {","        /*","         * this function will test buildTest's default handling-behavior","         */","            options = {};","            local.buildTest(options, onError);","        };","","        local.testCase_webpage_default = local.testCase_webpage_default || function (","            options,","            onError","        ) {","        /*","         * this function will test webpage's default handling-behavior","         */","            options = { modeCoverageMerge: true, url: local.serverLocalHost + '?modeTest=1' };","            local.browserTest(options, onError);","        };","","        // run test-server","        local.testRunServer(local);","        break;","    }","}());",""],"l":{"12":2,"14":2,"19":2,"21":2,"23":2,"24":2,"25":2,"30":1,"37":2,"40":2,"43":1,"47":1,"50":1,"52":1,"55":2,"61":2,"62":2,"64":2,"70":1,"76":1,"82":2,"83":2,"85":2,"92":1,"95":1,"102":1,"109":1,"110":1,"113":1,"120":1,"121":1,"122":1,"123":1,"124":1,"125":1,"128":1,"133":2,"134":2,"137":1,"144":2,"145":2,"148":1,"155":2,"156":2,"159":1,"166":2,"167":2,"170":1,"177":1,"178":1,"182":1,"183":1}},"/home/travis/build/npmtest/node-npmtest-intercom-client/lib.npmtest_intercom_client.js":{"path":"/home/travis/build/npmtest/node-npmtest-intercom-client/lib.npmtest_intercom_client.js","s":{"1":2,"2":2,"3":2,"4":2,"5":2,"6":2,"7":2,"8":1,"9":2,"10":2,"11":2,"12":2,"13":1,"14":1,"15":1,"16":1},"b":{"1":[2,1,1,1],"2":[1,1,1,1],"3":[1,1],"4":[2,2],"5":[1,1]},"f":{"1":2,"2":2,"3":2},"fnMap":{"1":{"name":"(anonymous_1)","line":12,"loc":{"start":{"line":12,"column":1},"end":{"line":12,"column":13}}},"2":{"name":"(anonymous_2)","line":19,"loc":{"start":{"line":19,"column":5},"end":{"line":19,"column":17}}},"3":{"name":"(anonymous_3)","line":23,"loc":{"start":{"line":23,"column":24},"end":{"line":23,"column":36}}}},"statementMap":{"1":{"start":{"line":12,"column":0},"end":{"line":53,"column":5}},"2":{"start":{"line":14,"column":4},"end":{"line":14,"column":14}},"3":{"start":{"line":19,"column":4},"end":{"line":52,"column":9}},"4":{"start":{"line":21,"column":8},"end":{"line":21,"column":19}},"5":{"start":{"line":23,"column":8},"end":{"line":35,"column":13}},"6":{"start":{"line":24,"column":12},"end":{"line":34,"column":13}},"7":{"start":{"line":25,"column":16},"end":{"line":28,"column":30}},"8":{"start":{"line":30,"column":16},"end":{"line":33,"column":27}},"9":{"start":{"line":37,"column":8},"end":{"line":39,"column":21}},"10":{"start":{"line":41,"column":8},"end":{"line":41,"column":54}},"11":{"start":{"line":43,"column":8},"end":{"line":43,"column":60}},"12":{"start":{"line":45,"column":8},"end":{"line":51,"column":9}},"13":{"start":{"line":46,"column":12},"end":{"line":46,"column":66}},"14":{"start":{"line":48,"column":12},"end":{"line":48,"column":35}},"15":{"start":{"line":49,"column":12},"end":{"line":49,"column":49}},"16":{"start":{"line":50,"column":12},"end":{"line":50,"column":43}}},"branchMap":{"1":{"line":25,"type":"binary-expr","locations":[{"start":{"line":25,"column":23},"end":{"line":25,"column":62}},{"start":{"line":26,"column":20},"end":{"line":26,"column":70}},{"start":{"line":27,"column":20},"end":{"line":27,"column":71}},{"start":{"line":28,"column":20},"end":{"line":28,"column":29}}]},"2":{"line":30,"type":"binary-expr","locations":[{"start":{"line":30,"column":23},"end":{"line":30,"column":37}},{"start":{"line":31,"column":20},"end":{"line":31,"column":61}},{"start":{"line":32,"column":20},"end":{"line":32,"column":70}},{"start":{"line":33,"column":20},"end":{"line":33,"column":26}}]},"3":{"line":37,"type":"cond-expr","locations":[{"start":{"line":38,"column":14},"end":{"line":38,"column":20}},{"start":{"line":39,"column":14},"end":{"line":39,"column":20}}]},"4":{"line":41,"type":"binary-expr","locations":[{"start":{"line":41,"column":16},"end":{"line":41,"column":44}},{"start":{"line":41,"column":48},"end":{"line":41,"column":53}}]},"5":{"line":45,"type":"if","locations":[{"start":{"line":45,"column":8},"end":{"line":45,"column":8}},{"start":{"line":45,"column":8},"end":{"line":45,"column":8}}]}},"code":["/* istanbul instrument in package npmtest_intercom_client */","/*jslint","    bitwise: true,","    browser: true,","    maxerr: 8,","    maxlen: 96,","    node: true,","    nomen: true,","    regexp: true,","    stupid: true","*/","(function () {","    'use strict';","    var local;","","","","    // run shared js-env code - pre-init","    (function () {","        // init local","        local = {};","        // init modeJs","        local.modeJs = (function () {","            try {","                return typeof navigator.userAgent === 'string' &&","                    typeof document.querySelector('body') === 'object' &&","                    typeof XMLHttpRequest.prototype.open === 'function' &&","                    'browser';","            } catch (errorCaughtBrowser) {","                return module.exports &&","                    typeof process.versions.node === 'string' &&","                    typeof require('http').createServer === 'function' &&","                    'node';","            }","        }());","        // init global","        local.global = local.modeJs === 'browser'","            ? window","            : global;","        // init utility2_rollup","        local = local.global.utility2_rollup || local;","        // init lib","        local.local = local.npmtest_intercom_client = local;","        // init exports","        if (local.modeJs === 'browser') {","            local.global.utility2_npmtest_intercom_client = local;","        } else {","            module.exports = local;","            module.exports.__dirname = __dirname;","            module.exports.module = module;","        }","    }());","}());",""],"l":{"12":2,"14":2,"19":2,"21":2,"23":2,"24":2,"25":2,"30":1,"37":2,"41":2,"43":2,"45":2,"46":1,"48":1,"49":1,"50":1}},"/home/travis/build/npmtest/node-npmtest-intercom-client/example.js":{"path":"/home/travis/build/npmtest/node-npmtest-intercom-client/example.js","s":{"1":2,"2":2,"3":2,"4":2,"5":2,"6":2,"7":2,"8":1,"9":2,"10":2,"11":2,"12":2,"13":1,"14":2,"15":2,"16":2,"17":2,"18":2,"19":0,"20":2,"21":1,"22":1,"23":1,"24":1,"25":1,"26":0,"27":0,"28":1,"29":1,"30":2,"31":0,"32":0,"33":0,"34":1,"35":2,"36":2,"37":2,"38":2,"39":2,"40":2,"41":0,"42":2,"43":2,"44":2,"45":1,"46":3,"47":1,"48":1,"49":1,"50":1,"51":1,"52":1,"53":1,"54":1,"55":1,"56":1,"57":0,"58":1,"59":6,"60":6,"61":1,"62":2,"63":0,"64":2,"65":1,"66":1,"67":0,"68":0,"69":0,"70":0,"71":0,"72":0,"73":0,"74":0,"75":0,"76":0,"77":0,"78":0,"79":0,"80":0,"81":0,"82":0,"83":0},"b":{"1":[2,1,1,1],"2":[1,1,1,1],"3":[1,1],"4":[2,2],"5":[1,1],"6":[1,1],"7":[2,0],"8":[2,1,1,1,1,1],"9":[0,2,0],"10":[1,1],"11":[2,1,1],"12":[1,0],"13":[0,2],"14":[2,0,0,0,0,0,0],"15":[0,2],"16":[2,0],"17":[1,1],"18":[0,1],"19":[1,2,0,2],"20":[1,0],"21":[1,1],"22":[0,0],"23":[0,0],"24":[0,0],"25":[0,0],"26":[0,0],"27":[0,0],"28":[0,0]},"f":{"1":2,"2":2,"3":2,"4":2,"5":2,"6":2,"7":2,"8":2,"9":3,"10":1,"11":6,"12":0},"fnMap":{"1":{"name":"(anonymous_1)","line":26,"loc":{"start":{"line":26,"column":1},"end":{"line":26,"column":13}}},"2":{"name":"(anonymous_2)","line":33,"loc":{"start":{"line":33,"column":5},"end":{"line":33,"column":17}}},"3":{"name":"(anonymous_3)","line":37,"loc":{"start":{"line":37,"column":24},"end":{"line":37,"column":36}}},"4":{"name":"(anonymous_4)","line":69,"loc":{"start":{"line":69,"column":31},"end":{"line":69,"column":48}},"skip":true},"5":{"name":"(anonymous_5)","line":78,"loc":{"start":{"line":78,"column":26},"end":{"line":78,"column":45}},"skip":true},"6":{"name":"(anonymous_6)","line":123,"loc":{"start":{"line":123,"column":33},"end":{"line":123,"column":48}},"skip":true},"7":{"name":"(anonymous_7)","line":125,"loc":{"start":{"line":125,"column":27},"end":{"line":125,"column":39}},"skip":true},"8":{"name":"(anonymous_8)","line":133,"loc":{"start":{"line":133,"column":59},"end":{"line":133,"column":74}},"skip":true},"9":{"name":"(anonymous_9)","line":143,"loc":{"start":{"line":143,"column":45},"end":{"line":143,"column":62}},"skip":true},"10":{"name":"(anonymous_10)","line":144,"loc":{"start":{"line":144,"column":73},"end":{"line":144,"column":92}},"skip":true},"11":{"name":"(anonymous_11)","line":272,"loc":{"start":{"line":272,"column":51},"end":{"line":272,"column":77}},"skip":true},"12":{"name":"(anonymous_12)","line":314,"loc":{"start":{"line":314,"column":32},"end":{"line":314,"column":61}},"skip":true}},"statementMap":{"1":{"start":{"line":26,"column":0},"end":{"line":325,"column":5}},"2":{"start":{"line":28,"column":4},"end":{"line":28,"column":14}},"3":{"start":{"line":33,"column":4},"end":{"line":60,"column":9}},"4":{"start":{"line":35,"column":8},"end":{"line":35,"column":19}},"5":{"start":{"line":37,"column":8},"end":{"line":49,"column":13}},"6":{"start":{"line":38,"column":12},"end":{"line":48,"column":13}},"7":{"start":{"line":39,"column":16},"end":{"line":42,"column":30}},"8":{"start":{"line":44,"column":16},"end":{"line":47,"column":27}},"9":{"start":{"line":51,"column":8},"end":{"line":53,"column":21}},"10":{"start":{"line":55,"column":8},"end":{"line":57,"column":45}},"11":{"start":{"line":59,"column":8},"end":{"line":59,"column":35}},"12":{"start":{"line":61,"column":4},"end":{"line":324,"column":5}},"13":{"start":{"line":69,"column":8},"end":{"line":121,"column":10},"skip":true},"14":{"start":{"line":70,"column":12},"end":{"line":88,"column":13},"skip":true},"15":{"start":{"line":76,"column":16},"end":{"line":87,"column":19},"skip":true},"16":{"start":{"line":79,"column":20},"end":{"line":86,"column":21},"skip":true},"17":{"start":{"line":82,"column":24},"end":{"line":82,"column":43},"skip":true},"18":{"start":{"line":83,"column":24},"end":{"line":83,"column":30},"skip":true},"19":{"start":{"line":85,"column":24},"end":{"line":85,"column":49},"skip":true},"20":{"start":{"line":89,"column":12},"end":{"line":107,"column":13},"skip":true},"21":{"start":{"line":92,"column":16},"end":{"line":102,"column":17},"skip":true},"22":{"start":{"line":93,"column":20},"end":{"line":93,"column":86},"skip":true},"23":{"start":{"line":94,"column":20},"end":{"line":95,"column":45},"skip":true},"24":{"start":{"line":96,"column":20},"end":{"line":96,"column":42},"skip":true},"25":{"start":{"line":97,"column":20},"end":{"line":97,"column":48},"skip":true},"26":{"start":{"line":100,"column":20},"end":{"line":100,"column":85},"skip":true},"27":{"start":{"line":101,"column":20},"end":{"line":101,"column":96},"skip":true},"28":{"start":{"line":103,"column":16},"end":{"line":103,"column":22},"skip":true},"29":{"start":{"line":106,"column":16},"end":{"line":106,"column":22},"skip":true},"30":{"start":{"line":108,"column":12},"end":{"line":120,"column":13},"skip":true},"31":{"start":{"line":114,"column":16},"end":{"line":119,"column":17},"skip":true},"32":{"start":{"line":116,"column":20},"end":{"line":116,"column":78},"skip":true},"33":{"start":{"line":118,"column":20},"end":{"line":118,"column":47},"skip":true},"34":{"start":{"line":123,"column":8},"end":{"line":141,"column":11},"skip":true},"35":{"start":{"line":124,"column":12},"end":{"line":124,"column":54},"skip":true},"36":{"start":{"line":125,"column":12},"end":{"line":140,"column":14},"skip":true},"37":{"start":{"line":126,"column":16},"end":{"line":126,"column":28},"skip":true},"38":{"start":{"line":127,"column":16},"end":{"line":127,"column":69},"skip":true},"39":{"start":{"line":128,"column":16},"end":{"line":128,"column":75},"skip":true},"40":{"start":{"line":129,"column":16},"end":{"line":131,"column":17},"skip":true},"41":{"start":{"line":130,"column":20},"end":{"line":130,"column":27},"skip":true},"42":{"start":{"line":133,"column":16},"end":{"line":137,"column":36},"skip":true},"43":{"start":{"line":134,"column":20},"end":{"line":136,"column":55},"skip":true},"44":{"start":{"line":139,"column":16},"end":{"line":139,"column":57},"skip":true},"45":{"start":{"line":143,"column":8},"end":{"line":147,"column":11},"skip":true},"46":{"start":{"line":144,"column":12},"end":{"line":146,"column":15},"skip":true},"47":{"start":{"line":145,"column":16},"end":{"line":145,"column":70},"skip":true},"48":{"start":{"line":149,"column":8},"end":{"line":149,"column":31},"skip":true},"49":{"start":{"line":150,"column":8},"end":{"line":150,"column":14},"skip":true},"50":{"start":{"line":158,"column":8},"end":{"line":158,"column":31},"skip":true},"51":{"start":{"line":160,"column":8},"end":{"line":160,"column":33},"skip":true},"52":{"start":{"line":161,"column":8},"end":{"line":161,"column":37},"skip":true},"53":{"start":{"line":162,"column":8},"end":{"line":162,"column":35},"skip":true},"54":{"start":{"line":164,"column":8},"end":{"line":164,"column":50},"skip":true},"55":{"start":{"line":166,"column":8},"end":{"line":256,"column":2},"skip":true},"56":{"start":{"line":258,"column":8},"end":{"line":286,"column":9},"skip":true},"57":{"start":{"line":259,"column":12},"end":{"line":269,"column":14},"skip":true},"58":{"start":{"line":271,"column":12},"end":{"line":285,"column":19},"skip":true},"59":{"start":{"line":274,"column":20},"end":{"line":274,"column":35},"skip":true},"60":{"start":{"line":275,"column":20},"end":{"line":284,"column":21},"skip":true},"61":{"start":{"line":277,"column":24},"end":{"line":277,"column":64},"skip":true},"62":{"start":{"line":279,"column":24},"end":{"line":279,"column":40},"skip":true},"63":{"start":{"line":281,"column":24},"end":{"line":281,"column":40},"skip":true},"64":{"start":{"line":283,"column":24},"end":{"line":283,"column":39},"skip":true},"65":{"start":{"line":288,"column":8},"end":{"line":290,"column":9},"skip":true},"66":{"start":{"line":289,"column":12},"end":{"line":289,"column":18},"skip":true},"67":{"start":{"line":291,"column":8},"end":{"line":293,"column":54},"skip":true},"68":{"start":{"line":294,"column":8},"end":{"line":301,"column":37},"skip":true},"69":{"start":{"line":302,"column":8},"end":{"line":302,"column":82},"skip":true},"70":{"start":{"line":305,"column":8},"end":{"line":307,"column":9},"skip":true},"71":{"start":{"line":306,"column":12},"end":{"line":306,"column":82},"skip":true},"72":{"start":{"line":309,"column":8},"end":{"line":311,"column":9},"skip":true},"73":{"start":{"line":310,"column":12},"end":{"line":310,"column":18},"skip":true},"74":{"start":{"line":312,"column":8},"end":{"line":312,"column":54},"skip":true},"75":{"start":{"line":313,"column":8},"end":{"line":313,"column":69},"skip":true},"76":{"start":{"line":314,"column":8},"end":{"line":322,"column":36},"skip":true},"77":{"start":{"line":315,"column":12},"end":{"line":315,"column":61},"skip":true},"78":{"start":{"line":316,"column":12},"end":{"line":319,"column":13},"skip":true},"79":{"start":{"line":317,"column":16},"end":{"line":317,"column":75},"skip":true},"80":{"start":{"line":318,"column":16},"end":{"line":318,"column":23},"skip":true},"81":{"start":{"line":320,"column":12},"end":{"line":320,"column":38},"skip":true},"82":{"start":{"line":321,"column":12},"end":{"line":321,"column":27},"skip":true},"83":{"start":{"line":323,"column":8},"end":{"line":323,"column":14},"skip":true}},"branchMap":{"1":{"line":39,"type":"binary-expr","locations":[{"start":{"line":39,"column":23},"end":{"line":39,"column":62}},{"start":{"line":40,"column":20},"end":{"line":40,"column":70}},{"start":{"line":41,"column":20},"end":{"line":41,"column":71}},{"start":{"line":42,"column":20},"end":{"line":42,"column":29}}]},"2":{"line":44,"type":"binary-expr","locations":[{"start":{"line":44,"column":23},"end":{"line":44,"column":37}},{"start":{"line":45,"column":20},"end":{"line":45,"column":61}},{"start":{"line":46,"column":20},"end":{"line":46,"column":70}},{"start":{"line":47,"column":20},"end":{"line":47,"column":26}}]},"3":{"line":51,"type":"cond-expr","locations":[{"start":{"line":52,"column":14},"end":{"line":52,"column":20}},{"start":{"line":53,"column":14},"end":{"line":53,"column":20}}]},"4":{"line":55,"type":"binary-expr","locations":[{"start":{"line":55,"column":16},"end":{"line":55,"column":44}},{"start":{"line":55,"column":49},"end":{"line":57,"column":43}}]},"5":{"line":55,"type":"cond-expr","locations":[{"start":{"line":56,"column":14},"end":{"line":56,"column":59}},{"start":{"line":57,"column":14},"end":{"line":57,"column":43}}]},"6":{"line":61,"type":"switch","locations":[{"start":{"line":68,"column":4},"end":{"line":150,"column":14},"skip":true},{"start":{"line":156,"column":4},"end":{"line":323,"column":14},"skip":true}]},"7":{"line":70,"type":"if","locations":[{"start":{"line":70,"column":12},"end":{"line":70,"column":12},"skip":true},{"start":{"line":70,"column":12},"end":{"line":70,"column":12},"skip":true}]},"8":{"line":70,"type":"binary-expr","locations":[{"start":{"line":70,"column":16},"end":{"line":70,"column":22},"skip":true},{"start":{"line":70,"column":27},"end":{"line":70,"column":32},"skip":true},{"start":{"line":71,"column":20},"end":{"line":71,"column":39},"skip":true},{"start":{"line":72,"column":20},"end":{"line":72,"column":49},"skip":true},{"start":{"line":73,"column":20},"end":{"line":73,"column":58},"skip":true},{"start":{"line":74,"column":20},"end":{"line":74,"column":69},"skip":true}]},"9":{"line":79,"type":"switch","locations":[{"start":{"line":80,"column":20},"end":{"line":80,"column":33},"skip":true},{"start":{"line":81,"column":20},"end":{"line":83,"column":30},"skip":true},{"start":{"line":84,"column":20},"end":{"line":85,"column":49},"skip":true}]},"10":{"line":89,"type":"switch","locations":[{"start":{"line":90,"column":12},"end":{"line":103,"column":22},"skip":true},{"start":{"line":105,"column":12},"end":{"line":106,"column":22},"skip":true}]},"11":{"line":89,"type":"binary-expr","locations":[{"start":{"line":89,"column":20},"end":{"line":89,"column":25},"skip":true},{"start":{"line":89,"column":29},"end":{"line":89,"column":48},"skip":true},{"start":{"line":89,"column":52},"end":{"line":89,"column":74},"skip":true}]},"12":{"line":92,"type":"if","locations":[{"start":{"line":92,"column":16},"end":{"line":92,"column":16},"skip":true},{"start":{"line":92,"column":16},"end":{"line":92,"column":16},"skip":true}]},"13":{"line":108,"type":"if","locations":[{"start":{"line":108,"column":12},"end":{"line":108,"column":12},"skip":true},{"start":{"line":108,"column":12},"end":{"line":108,"column":12},"skip":true}]},"14":{"line":108,"type":"binary-expr","locations":[{"start":{"line":108,"column":16},"end":{"line":108,"column":61},"skip":true},{"start":{"line":108,"column":66},"end":{"line":108,"column":72},"skip":true},{"start":{"line":108,"column":77},"end":{"line":108,"column":82},"skip":true},{"start":{"line":109,"column":20},"end":{"line":109,"column":39},"skip":true},{"start":{"line":110,"column":20},"end":{"line":110,"column":49},"skip":true},{"start":{"line":111,"column":20},"end":{"line":111,"column":58},"skip":true},{"start":{"line":112,"column":20},"end":{"line":112,"column":68},"skip":true}]},"15":{"line":129,"type":"if","locations":[{"start":{"line":129,"column":16},"end":{"line":129,"column":16},"skip":true},{"start":{"line":129,"column":16},"end":{"line":129,"column":16},"skip":true}]},"16":{"line":134,"type":"cond-expr","locations":[{"start":{"line":135,"column":26},"end":{"line":135,"column":29},"skip":true},{"start":{"line":136,"column":26},"end":{"line":136,"column":54},"skip":true}]},"17":{"line":164,"type":"binary-expr","locations":[{"start":{"line":164,"column":27},"end":{"line":164,"column":43},"skip":true},{"start":{"line":164,"column":47},"end":{"line":164,"column":49},"skip":true}]},"18":{"line":258,"type":"if","locations":[{"start":{"line":258,"column":8},"end":{"line":258,"column":8},"skip":true},{"start":{"line":258,"column":8},"end":{"line":258,"column":8},"skip":true}]},"19":{"line":275,"type":"switch","locations":[{"start":{"line":276,"column":20},"end":{"line":277,"column":64},"skip":true},{"start":{"line":278,"column":20},"end":{"line":279,"column":40},"skip":true},{"start":{"line":280,"column":20},"end":{"line":281,"column":40},"skip":true},{"start":{"line":282,"column":20},"end":{"line":283,"column":39},"skip":true}]},"20":{"line":288,"type":"if","locations":[{"start":{"line":288,"column":8},"end":{"line":288,"column":8},"skip":true},{"start":{"line":288,"column":8},"end":{"line":288,"column":8},"skip":true}]},"21":{"line":288,"type":"binary-expr","locations":[{"start":{"line":288,"column":12},"end":{"line":288,"column":40},"skip":true},{"start":{"line":288,"column":44},"end":{"line":288,"column":67},"skip":true}]},"22":{"line":292,"type":"binary-expr","locations":[{"start":{"line":292,"column":12},"end":{"line":292,"column":50},"skip":true},{"start":{"line":293,"column":12},"end":{"line":293,"column":53},"skip":true}]},"23":{"line":295,"type":"binary-expr","locations":[{"start":{"line":295,"column":12},"end":{"line":295,"column":73},"skip":true},{"start":{"line":296,"column":12},"end":{"line":301,"column":36},"skip":true}]},"24":{"line":302,"type":"binary-expr","locations":[{"start":{"line":302,"column":43},"end":{"line":302,"column":75},"skip":true},{"start":{"line":302,"column":79},"end":{"line":302,"column":81},"skip":true}]},"25":{"line":305,"type":"if","locations":[{"start":{"line":305,"column":8},"end":{"line":305,"column":8},"skip":true},{"start":{"line":305,"column":8},"end":{"line":305,"column":8},"skip":true}]},"26":{"line":309,"type":"if","locations":[{"start":{"line":309,"column":8},"end":{"line":309,"column":8},"skip":true},{"start":{"line":309,"column":8},"end":{"line":309,"column":8},"skip":true}]},"27":{"line":312,"type":"binary-expr","locations":[{"start":{"line":312,"column":27},"end":{"line":312,"column":43},"skip":true},{"start":{"line":312,"column":47},"end":{"line":312,"column":53},"skip":true}]},"28":{"line":316,"type":"if","locations":[{"start":{"line":316,"column":12},"end":{"line":316,"column":12},"skip":true},{"start":{"line":316,"column":12},"end":{"line":316,"column":12},"skip":true}]}},"code":["/*","example.js","","quickstart example","","instruction","    1. save this script as example.js","    2. run the shell command:","        $ npm install npmtest-intercom-client && PORT=8081 node example.js","    3. play with the browser-demo on http://127.0.0.1:8081","*/","","","","/* istanbul instrument in package npmtest_intercom_client */","/*jslint","    bitwise: true,","    browser: true,","    maxerr: 8,","    maxlen: 96,","    node: true,","    nomen: true,","    regexp: true,","    stupid: true","*/","(function () {","    'use strict';","    var local;","","","","    // run shared js-env code - pre-init","    (function () {","        // init local","        local = {};","        // init modeJs","        local.modeJs = (function () {","            try {","                return typeof navigator.userAgent === 'string' &&","                    typeof document.querySelector('body') === 'object' &&","                    typeof XMLHttpRequest.prototype.open === 'function' &&","                    'browser';","            } catch (errorCaughtBrowser) {","                return module.exports &&","                    typeof process.versions.node === 'string' &&","                    typeof require('http').createServer === 'function' &&","                    'node';","            }","        }());","        // init global","        local.global = local.modeJs === 'browser'","            ? window","            : global;","        // init utility2_rollup","        local = local.global.utility2_rollup || (local.modeJs === 'browser'","            ? local.global.utility2_npmtest_intercom_client","            : global.utility2_moduleExports);","        // export local","        local.global.local = local;","    }());","    switch (local.modeJs) {","","","","    // post-init","    // run browser js-env code - post-init","    /* istanbul ignore next */","    case 'browser':","        local.testRunBrowser = function (event) {","            if (!event || (event &&","                    event.currentTarget &&","                    event.currentTarget.className &&","                    event.currentTarget.className.includes &&","                    event.currentTarget.className.includes('onreset'))) {","                // reset output","                Array.from(","                    document.querySelectorAll('body > .resettable')","                ).forEach(function (element) {","                    switch (element.tagName) {","                    case 'INPUT':","                    case 'TEXTAREA':","                        element.value = '';","                        break;","                    default:","                        element.textContent = '';","                    }","                });","            }","            switch (event && event.currentTarget && event.currentTarget.id) {","            case 'testRunButton1':","                // show tests","                if (document.querySelector('#testReportDiv1').style.display === 'none') {","                    document.querySelector('#testReportDiv1').style.display = 'block';","                    document.querySelector('#testRunButton1').textContent =","                        'hide internal test';","                    local.modeTest = true;","                    local.testRunDefault(local);","                // hide tests","                } else {","                    document.querySelector('#testReportDiv1').style.display = 'none';","                    document.querySelector('#testRunButton1').textContent = 'run internal test';","                }","                break;","            // custom-case","            default:","                break;","            }","            if (document.querySelector('#inputTextareaEval1') && (!event || (event &&","                    event.currentTarget &&","                    event.currentTarget.className &&","                    event.currentTarget.className.includes &&","                    event.currentTarget.className.includes('oneval')))) {","                // try to eval input-code","                try {","                    /*jslint evil: true*/","                    eval(document.querySelector('#inputTextareaEval1').value);","                } catch (errorCaught) {","                    console.error(errorCaught);","                }","            }","        };","        // log stderr and stdout to #outputTextareaStdout1","        ['error', 'log'].forEach(function (key) {","            console[key + '_original'] = console[key];","            console[key] = function () {","                var element;","                console[key + '_original'].apply(console, arguments);","                element = document.querySelector('#outputTextareaStdout1');","                if (!element) {","                    return;","                }","                // append text to #outputTextareaStdout1","                element.value += Array.from(arguments).map(function (arg) {","                    return typeof arg === 'string'","                        ? arg","                        : JSON.stringify(arg, null, 4);","                }).join(' ') + '\\n';","                // scroll textarea to bottom","                element.scrollTop = element.scrollHeight;","            };","        });","        // init event-handling","        ['change', 'click', 'keyup'].forEach(function (event) {","            Array.from(document.querySelectorAll('.on' + event)).forEach(function (element) {","                element.addEventListener(event, local.testRunBrowser);","            });","        });","        // run tests","        local.testRunBrowser();","        break;","","","","    // run node js-env code - post-init","    /* istanbul ignore next */","    case 'node':","        // export local","        module.exports = local;","        // require modules","        local.fs = require('fs');","        local.http = require('http');","        local.url = require('url');","        // init assets","        local.assetsDict = local.assetsDict || {};","        /* jslint-ignore-begin */","        local.assetsDict['/assets.index.template.html'] = '\\","<!doctype html>\\n\\","<html lang=\"en\">\\n\\","<head>\\n\\","<meta charset=\"UTF-8\">\\n\\","<meta name=\"viewport\" content=\"width=device-width, initial-scale=1\">\\n\\","<title>{{env.npm_package_name}} (v{{env.npm_package_version}})</title>\\n\\","<style>\\n\\","/*csslint\\n\\","    box-sizing: false,\\n\\","    universal-selector: false\\n\\","*/\\n\\","* {\\n\\","    box-sizing: border-box;\\n\\","}\\n\\","body {\\n\\","    background: #dde;\\n\\","    font-family: Arial, Helvetica, sans-serif;\\n\\","    margin: 2rem;\\n\\","}\\n\\","body > * {\\n\\","    margin-bottom: 1rem;\\n\\","}\\n\\",".utility2FooterDiv {\\n\\","    margin-top: 20px;\\n\\","    text-align: center;\\n\\","}\\n\\","</style>\\n\\","<style>\\n\\","/*csslint\\n\\","*/\\n\\","textarea {\\n\\","    font-family: monospace;\\n\\","    height: 10rem;\\n\\","    width: 100%;\\n\\","}\\n\\","textarea[readonly] {\\n\\","    background: #ddd;\\n\\","}\\n\\","</style>\\n\\","</head>\\n\\","<body>\\n\\","<!-- utility2-comment\\n\\","<div id=\"ajaxProgressDiv1\" style=\"background: #d00; height: 2px; left: 0; margin: 0; padding: 0; position: fixed; top: 0; transition: background 0.5s, width 1.5s; width: 25%;\"></div>\\n\\","utility2-comment -->\\n\\","<h1>\\n\\","<!-- utility2-comment\\n\\","    <a\\n\\","        {{#if env.npm_package_homepage}}\\n\\","        href=\"{{env.npm_package_homepage}}\"\\n\\","        {{/if env.npm_package_homepage}}\\n\\","        target=\"_blank\"\\n\\","    >\\n\\","utility2-comment -->\\n\\","        {{env.npm_package_name}} (v{{env.npm_package_version}})\\n\\","<!-- utility2-comment\\n\\","    </a>\\n\\","utility2-comment -->\\n\\","</h1>\\n\\","<h3>{{env.npm_package_description}}</h3>\\n\\","<!-- utility2-comment\\n\\","<h4><a download href=\"assets.app.js\">download standalone app</a></h4>\\n\\","<button class=\"onclick onreset\" id=\"testRunButton1\">run internal test</button><br>\\n\\","<div id=\"testReportDiv1\" style=\"display: none;\"></div>\\n\\","utility2-comment -->\\n\\","\\n\\","\\n\\","\\n\\","<label>stderr and stdout</label>\\n\\","<textarea class=\"resettable\" id=\"outputTextareaStdout1\" readonly></textarea>\\n\\","<!-- utility2-comment\\n\\","{{#if isRollup}}\\n\\","<script src=\"assets.app.js\"></script>\\n\\","{{#unless isRollup}}\\n\\","utility2-comment -->\\n\\","<script src=\"assets.utility2.rollup.js\"></script>\\n\\","<script src=\"jsonp.utility2._stateInit?callback=window.utility2._stateInit\"></script>\\n\\","<script src=\"assets.npmtest_intercom_client.rollup.js\"></script>\\n\\","<script src=\"assets.example.js\"></script>\\n\\","<script src=\"assets.test.js\"></script>\\n\\","<!-- utility2-comment\\n\\","{{/if isRollup}}\\n\\","utility2-comment -->\\n\\","<div class=\"utility2FooterDiv\">\\n\\","    [ this app was created with\\n\\","    <a href=\"https://github.com/kaizhu256/node-utility2\" target=\"_blank\">utility2</a>\\n\\","    ]\\n\\","</div>\\n\\","</body>\\n\\","</html>\\n\\","';","        /* jslint-ignore-end */","        if (local.templateRender) {","            local.assetsDict['/'] = local.templateRender(","                local.assetsDict['/assets.index.template.html'],","                {","                    env: local.objectSetDefault(local.env, {","                        npm_package_description: 'the greatest app in the world!',","                        npm_package_name: 'my-app',","                        npm_package_nameAlias: 'my_app',","                        npm_package_version: '0.0.1'","                    })","                }","            );","        } else {","            local.assetsDict['/'] = local.assetsDict['/assets.index.template.html']","                .replace((/\\{\\{env\\.(\\w+?)\\}\\}/g), function (match0, match1) {","                    // jslint-hack","                    String(match0);","                    switch (match1) {","                    case 'npm_package_description':","                        return 'the greatest app in the world!';","                    case 'npm_package_name':","                        return 'my-app';","                    case 'npm_package_nameAlias':","                        return 'my_app';","                    case 'npm_package_version':","                        return '0.0.1';","                    }","                });","        }","        // run the cli","        if (local.global.utility2_rollup || module !== require.main) {","            break;","        }","        local.assetsDict['/assets.example.js'] =","            local.assetsDict['/assets.example.js'] ||","            local.fs.readFileSync(__filename, 'utf8');","        local.assetsDict['/assets.npmtest_intercom_client.rollup.js'] =","            local.assetsDict['/assets.npmtest_intercom_client.rollup.js'] ||","            local.fs.readFileSync(","                // buildCustomOrg-hack","                local.npmtest_intercom_client.__dirname +","                    '/lib.npmtest_intercom_client.js',","                'utf8'","            ).replace((/^#!/), '//');","        local.assetsDict['/favicon.ico'] = local.assetsDict['/favicon.ico'] || '';","        // if $npm_config_timeout_exit exists,","        // then exit this process after $npm_config_timeout_exit ms","        if (Number(process.env.npm_config_timeout_exit)) {","            setTimeout(process.exit, Number(process.env.npm_config_timeout_exit));","        }","        // start server","        if (local.global.utility2_serverHttp1) {","            break;","        }","        process.env.PORT = process.env.PORT || '8081';","        console.error('server starting on port ' + process.env.PORT);","        local.http.createServer(function (request, response) {","            request.urlParsed = local.url.parse(request.url);","            if (local.assetsDict[request.urlParsed.pathname] !== undefined) {","                response.end(local.assetsDict[request.urlParsed.pathname]);","                return;","            }","            response.statusCode = 404;","            response.end();","        }).listen(process.env.PORT);","        break;","    }","}());",""],"l":{"26":2,"28":2,"33":2,"35":2,"37":2,"38":2,"39":2,"44":1,"51":2,"55":2,"59":2,"61":2,"69":1,"70":2,"76":2,"79":2,"82":2,"83":2,"85":1,"89":2,"92":1,"93":1,"94":1,"96":1,"97":1,"100":1,"101":1,"103":1,"106":1,"108":2,"114":1,"116":1,"118":1,"123":1,"124":2,"125":2,"126":2,"127":2,"128":2,"129":2,"130":1,"133":2,"134":2,"139":2,"143":1,"144":3,"145":1,"149":1,"150":1,"158":1,"160":1,"161":1,"162":1,"164":1,"166":1,"258":1,"259":1,"271":1,"274":6,"275":6,"277":1,"279":2,"281":1,"283":2,"288":1,"289":1,"291":1,"294":1,"302":1,"305":1,"306":1,"309":1,"310":1,"312":1,"313":1,"314":1,"315":1,"316":1,"317":1,"318":1,"320":1,"321":1,"323":1}},"/home/travis/build/npmtest/node-npmtest-intercom-client/node_modules/intercom-client/dist/index.js":{"path":"/home/travis/build/npmtest/node-npmtest-intercom-client/node_modules/intercom-client/dist/index.js","s":{"1":1,"2":1,"3":1,"4":1,"5":1,"6":1,"7":1,"8":1,"9":1,"10":1,"11":1,"12":1,"13":1,"14":0,"15":1,"16":1,"17":1,"18":1,"19":1,"20":1,"21":1,"22":1,"23":1,"24":1,"25":3,"26":1,"27":0,"28":0,"29":1,"30":1,"31":1,"32":1,"33":0,"34":1,"35":0,"36":0,"37":0,"38":0,"39":0,"40":0,"41":0,"42":1},"b":{"1":[1,1],"2":[1,0],"3":[0,1],"4":[1,0],"5":[2,1],"6":[3,3],"7":[0,0],"8":[0,0],"9":[0,0]},"f":{"1":1,"2":1,"3":1,"4":3,"5":0,"6":1,"7":0,"8":0},"fnMap":{"1":{"name":"(anonymous_1)","line":8,"loc":{"start":{"line":8,"column":19},"end":{"line":8,"column":31}}},"2":{"name":"defineProperties","line":8,"loc":{"start":{"line":8,"column":33},"end":{"line":8,"column":74}}},"3":{"name":"(anonymous_3)","line":8,"loc":{"start":{"line":8,"column":357},"end":{"line":8,"column":405}}},"4":{"name":"_interopRequireDefault","line":22,"loc":{"start":{"line":22,"column":0},"end":{"line":22,"column":37}}},"5":{"name":"_classCallCheck","line":24,"loc":{"start":{"line":24,"column":0},"end":{"line":24,"column":48}}},"6":{"name":"(anonymous_6)","line":29,"loc":{"start":{"line":29,"column":38},"end":{"line":29,"column":50}}},"7":{"name":"SecureMode","line":30,"loc":{"start":{"line":30,"column":2},"end":{"line":30,"column":24}}},"8":{"name":"userHash","line":36,"loc":{"start":{"line":36,"column":11},"end":{"line":36,"column":37}}}},"statementMap":{"1":{"start":{"line":3,"column":0},"end":{"line":5,"column":3}},"2":{"start":{"line":6,"column":0},"end":{"line":6,"column":63}},"3":{"start":{"line":8,"column":0},"end":{"line":8,"column":564}},"4":{"start":{"line":8,"column":33},"end":{"line":8,"column":349}},"5":{"start":{"line":8,"column":76},"end":{"line":8,"column":347}},"6":{"start":{"line":8,"column":117},"end":{"line":8,"column":143}},"7":{"start":{"line":8,"column":144},"end":{"line":8,"column":199}},"8":{"start":{"line":8,"column":200},"end":{"line":8,"column":231}},"9":{"start":{"line":8,"column":232},"end":{"line":8,"column":286}},"10":{"start":{"line":8,"column":259},"end":{"line":8,"column":286}},"11":{"start":{"line":8,"column":287},"end":{"line":8,"column":345}},"12":{"start":{"line":8,"column":350},"end":{"line":8,"column":559}},"13":{"start":{"line":8,"column":407},"end":{"line":8,"column":475}},"14":{"start":{"line":8,"column":423},"end":{"line":8,"column":475}},"15":{"start":{"line":8,"column":476},"end":{"line":8,"column":536}},"16":{"start":{"line":8,"column":493},"end":{"line":8,"column":536}},"17":{"start":{"line":8,"column":537},"end":{"line":8,"column":556}},"18":{"start":{"line":10,"column":0},"end":{"line":10,"column":34}},"19":{"start":{"line":12,"column":0},"end":{"line":12,"column":47}},"20":{"start":{"line":14,"column":0},"end":{"line":14,"column":30}},"21":{"start":{"line":16,"column":0},"end":{"line":16,"column":43}},"22":{"start":{"line":18,"column":0},"end":{"line":18,"column":32}},"23":{"start":{"line":20,"column":0},"end":{"line":20,"column":47}},"24":{"start":{"line":22,"column":0},"end":{"line":22,"column":95}},"25":{"start":{"line":22,"column":39},"end":{"line":22,"column":93}},"26":{"start":{"line":24,"column":0},"end":{"line":24,"column":153}},"27":{"start":{"line":24,"column":50},"end":{"line":24,"column":151}},"28":{"start":{"line":24,"column":92},"end":{"line":24,"column":149}},"29":{"start":{"line":26,"column":0},"end":{"line":26,"column":34}},"30":{"start":{"line":27,"column":0},"end":{"line":27,"column":30}},"31":{"start":{"line":29,"column":0},"end":{"line":50,"column":4}},"32":{"start":{"line":30,"column":2},"end":{"line":32,"column":3}},"33":{"start":{"line":31,"column":4},"end":{"line":31,"column":38}},"34":{"start":{"line":34,"column":2},"end":{"line":47,"column":6}},"35":{"start":{"line":37,"column":6},"end":{"line":37,"column":39}},"36":{"start":{"line":38,"column":6},"end":{"line":38,"column":41}},"37":{"start":{"line":39,"column":6},"end":{"line":41,"column":7}},"38":{"start":{"line":40,"column":8},"end":{"line":40,"column":54}},"39":{"start":{"line":42,"column":6},"end":{"line":44,"column":7}},"40":{"start":{"line":43,"column":8},"end":{"line":43,"column":55}},"41":{"start":{"line":45,"column":6},"end":{"line":45,"column":95}},"42":{"start":{"line":49,"column":2},"end":{"line":49,"column":20}}},"branchMap":{"1":{"line":8,"type":"binary-expr","locations":[{"start":{"line":8,"column":168},"end":{"line":8,"column":189}},{"start":{"line":8,"column":193},"end":{"line":8,"column":198}}]},"2":{"line":8,"type":"if","locations":[{"start":{"line":8,"column":232},"end":{"line":8,"column":232}},{"start":{"line":8,"column":232},"end":{"line":8,"column":232}}]},"3":{"line":8,"type":"if","locations":[{"start":{"line":8,"column":407},"end":{"line":8,"column":407}},{"start":{"line":8,"column":407},"end":{"line":8,"column":407}}]},"4":{"line":8,"type":"if","locations":[{"start":{"line":8,"column":476},"end":{"line":8,"column":476}},{"start":{"line":8,"column":476},"end":{"line":8,"column":476}}]},"5":{"line":22,"type":"cond-expr","locations":[{"start":{"line":22,"column":70},"end":{"line":22,"column":73}},{"start":{"line":22,"column":76},"end":{"line":22,"column":92}}]},"6":{"line":22,"type":"binary-expr","locations":[{"start":{"line":22,"column":46},"end":{"line":22,"column":49}},{"start":{"line":22,"column":53},"end":{"line":22,"column":67}}]},"7":{"line":24,"type":"if","locations":[{"start":{"line":24,"column":50},"end":{"line":24,"column":50}},{"start":{"line":24,"column":50},"end":{"line":24,"column":50}}]},"8":{"line":39,"type":"if","locations":[{"start":{"line":39,"column":6},"end":{"line":39,"column":6}},{"start":{"line":39,"column":6},"end":{"line":39,"column":6}}]},"9":{"line":42,"type":"if","locations":[{"start":{"line":42,"column":6},"end":{"line":42,"column":6}},{"start":{"line":42,"column":6},"end":{"line":42,"column":6}}]}},"code":["'use strict';","","Object.defineProperty(exports, \"__esModule\", {","  value: true","});","exports.SecureMode = exports.User = exports.Client = undefined;","","var _createClass = function () { function defineProperties(target, props) { for (var i = 0; i < props.length; i++) { var descriptor = props[i]; descriptor.enumerable = descriptor.enumerable || false; descriptor.configurable = true; if (\"value\" in descriptor) descriptor.writable = true; Object.defineProperty(target, descriptor.key, descriptor); } } return function (Constructor, protoProps, staticProps) { if (protoProps) defineProperties(Constructor.prototype, protoProps); if (staticProps) defineProperties(Constructor, staticProps); return Constructor; }; }();","","var _client = require('./client');","","var _client2 = _interopRequireDefault(_client);","","var _user = require('./user');","","var _user2 = _interopRequireDefault(_user);","","var _crypto = require('crypto');","","var _crypto2 = _interopRequireDefault(_crypto);","","function _interopRequireDefault(obj) { return obj && obj.__esModule ? obj : { default: obj }; }","","function _classCallCheck(instance, Constructor) { if (!(instance instanceof Constructor)) { throw new TypeError(\"Cannot call a class as a function\"); } }","","exports.Client = _client2.default;","exports.User = _user2.default;","","var SecureMode = exports.SecureMode = function () {","  function SecureMode() {","    _classCallCheck(this, SecureMode);","  }","","  _createClass(SecureMode, null, [{","    key: 'userHash',","    value: function userHash(params) {","      var secretKey = params.secretKey;","      var identifier = params.identifier;","      if (!secretKey) {","        throw new Error('secretKey must be provided');","      }","      if (!identifier) {","        throw new Error('identifier must be provided');","      }","      return _crypto2.default.createHmac('sha256', secretKey).update(identifier).digest('hex');","    }","  }]);","","  return SecureMode;","}();"],"l":{"3":1,"6":1,"8":1,"10":1,"12":1,"14":1,"16":1,"18":1,"20":1,"22":3,"24":1,"26":1,"27":1,"29":1,"30":1,"31":0,"34":1,"37":0,"38":0,"39":0,"40":0,"42":0,"43":0,"45":0,"49":1}},"/home/travis/build/npmtest/node-npmtest-intercom-client/node_modules/intercom-client/dist/client.js":{"path":"/home/travis/build/npmtest/node-npmtest-intercom-client/node_modules/intercom-client/dist/client.js","s":{"1":1,"2":1,"3":0,"4":0,"5":1,"6":1,"7":1,"8":10,"9":10,"10":10,"11":10,"12":10,"13":10,"14":1,"15":1,"16":1,"17":1,"18":0,"19":1,"20":1,"21":1,"22":1,"23":1,"24":1,"25":1,"26":1,"27":1,"28":1,"29":1,"30":1,"31":1,"32":1,"33":1,"34":1,"35":1,"36":1,"37":1,"38":1,"39":1,"40":1,"41":1,"42":1,"43":1,"44":1,"45":1,"46":1,"47":1,"48":1,"49":14,"50":1,"51":0,"52":0,"53":1,"54":1,"55":0,"56":0,"57":0,"58":0,"59":0,"60":0,"61":0,"62":0,"63":0,"64":0,"65":0,"66":0,"67":0,"68":0,"69":0,"70":0,"71":0,"72":0,"73":0,"74":0,"75":0,"76":0,"77":0,"78":0,"79":0,"80":0,"81":0,"82":0,"83":0,"84":1,"85":0,"86":0,"87":0,"88":0,"89":0,"90":0,"91":0,"92":0,"93":0,"94":0,"95":0,"96":0,"97":0,"98":0,"99":0,"100":0,"101":0,"102":0,"103":0,"104":0,"105":0,"106":0,"107":0,"108":0,"109":0,"110":0,"111":0,"112":0,"113":0,"114":0,"115":0,"116":0,"117":0,"118":0,"119":1,"120":1},"b":{"1":[1,0],"2":[1,1],"3":[0,0],"4":[0,0,0],"5":[10,10],"6":[10,0],"7":[1,0],"8":[0,1],"9":[12,2],"10":[14,14],"11":[0,0],"12":[0,0],"13":[0,0],"14":[0,0],"15":[0,0],"16":[0,0],"17":[0,0],"18":[0,0],"19":[0,0],"20":[0,0],"21":[0,0],"22":[0,0],"23":[0,0],"24":[0,0,0],"25":[0,0]},"f":{"1":0,"2":0,"3":1,"4":1,"5":1,"6":14,"7":0,"8":1,"9":0,"10":0,"11":0,"12":0,"13":0,"14":0,"15":0,"16":0,"17":0,"18":0,"19":0,"20":0,"21":0,"22":0,"23":0,"24":0,"25":0},"fnMap":{"1":{"name":"(anonymous_1)","line":7,"loc":{"start":{"line":7,"column":84},"end":{"line":7,"column":99}}},"2":{"name":"(anonymous_2)","line":7,"loc":{"start":{"line":7,"column":124},"end":{"line":7,"column":139}}},"3":{"name":"(anonymous_3)","line":9,"loc":{"start":{"line":9,"column":19},"end":{"line":9,"column":31}}},"4":{"name":"defineProperties","line":9,"loc":{"start":{"line":9,"column":33},"end":{"line":9,"column":74}}},"5":{"name":"(anonymous_5)","line":9,"loc":{"start":{"line":9,"column":357},"end":{"line":9,"column":405}}},"6":{"name":"_interopRequireDefault","line":67,"loc":{"start":{"line":67,"column":0},"end":{"line":67,"column":37}}},"7":{"name":"_classCallCheck","line":69,"loc":{"start":{"line":69,"column":0},"end":{"line":69,"column":48}}},"8":{"name":"(anonymous_8)","line":71,"loc":{"start":{"line":71,"column":13},"end":{"line":71,"column":25}}},"9":{"name":"Client","line":72,"loc":{"start":{"line":72,"column":2},"end":{"line":72,"column":20}}},"10":{"name":"usePromises","line":113,"loc":{"start":{"line":113,"column":11},"end":{"line":113,"column":34}}},"11":{"name":"useBaseUrl","line":119,"loc":{"start":{"line":119,"column":11},"end":{"line":119,"column":40}}},"12":{"name":"promiseProxy","line":125,"loc":{"start":{"line":125,"column":11},"end":{"line":125,"column":41}}},"13":{"name":"(anonymous_13)","line":129,"loc":{"start":{"line":129,"column":19},"end":{"line":129,"column":31}}},"14":{"name":"(anonymous_14)","line":132,"loc":{"start":{"line":132,"column":38},"end":{"line":132,"column":65}}},"15":{"name":"resolver","line":133,"loc":{"start":{"line":133,"column":29},"end":{"line":133,"column":58}}},"16":{"name":"(anonymous_16)","line":140,"loc":{"start":{"line":140,"column":22},"end":{"line":140,"column":35}}},"17":{"name":"(anonymous_17)","line":149,"loc":{"start":{"line":149,"column":16},"end":{"line":149,"column":29}}},"18":{"name":"ping","line":156,"loc":{"start":{"line":156,"column":11},"end":{"line":156,"column":28}}},"19":{"name":"(anonymous_19)","line":157,"loc":{"start":{"line":157,"column":202},"end":{"line":157,"column":215}}},"20":{"name":"put","line":163,"loc":{"start":{"line":163,"column":11},"end":{"line":163,"column":43}}},"21":{"name":"post","line":168,"loc":{"start":{"line":168,"column":11},"end":{"line":168,"column":44}}},"22":{"name":"get","line":173,"loc":{"start":{"line":173,"column":11},"end":{"line":173,"column":43}}},"23":{"name":"nextPage","line":178,"loc":{"start":{"line":178,"column":11},"end":{"line":178,"column":50}}},"24":{"name":"_delete","line":183,"loc":{"start":{"line":183,"column":11},"end":{"line":183,"column":47}}},"25":{"name":"callback","line":188,"loc":{"start":{"line":188,"column":11},"end":{"line":188,"column":38}}}},"statementMap":{"1":{"start":{"line":3,"column":0},"end":{"line":5,"column":3}},"2":{"start":{"line":7,"column":0},"end":{"line":7,"column":241}},"3":{"start":{"line":7,"column":101},"end":{"line":7,"column":119}},"4":{"start":{"line":7,"column":141},"end":{"line":7,"column":238}},"5":{"start":{"line":9,"column":0},"end":{"line":9,"column":564}},"6":{"start":{"line":9,"column":33},"end":{"line":9,"column":349}},"7":{"start":{"line":9,"column":76},"end":{"line":9,"column":347}},"8":{"start":{"line":9,"column":117},"end":{"line":9,"column":143}},"9":{"start":{"line":9,"column":144},"end":{"line":9,"column":199}},"10":{"start":{"line":9,"column":200},"end":{"line":9,"column":231}},"11":{"start":{"line":9,"column":232},"end":{"line":9,"column":286}},"12":{"start":{"line":9,"column":259},"end":{"line":9,"column":286}},"13":{"start":{"line":9,"column":287},"end":{"line":9,"column":345}},"14":{"start":{"line":9,"column":350},"end":{"line":9,"column":559}},"15":{"start":{"line":9,"column":407},"end":{"line":9,"column":475}},"16":{"start":{"line":9,"column":423},"end":{"line":9,"column":475}},"17":{"start":{"line":9,"column":476},"end":{"line":9,"column":536}},"18":{"start":{"line":9,"column":493},"end":{"line":9,"column":536}},"19":{"start":{"line":9,"column":537},"end":{"line":9,"column":556}},"20":{"start":{"line":11,"column":0},"end":{"line":11,"column":34}},"21":{"start":{"line":13,"column":0},"end":{"line":13,"column":49}},"22":{"start":{"line":15,"column":0},"end":{"line":15,"column":36}},"23":{"start":{"line":17,"column":0},"end":{"line":17,"column":51}},"24":{"start":{"line":19,"column":0},"end":{"line":19,"column":30}},"25":{"start":{"line":21,"column":0},"end":{"line":21,"column":43}},"26":{"start":{"line":23,"column":0},"end":{"line":23,"column":32}},"27":{"start":{"line":25,"column":0},"end":{"line":25,"column":45}},"28":{"start":{"line":27,"column":0},"end":{"line":27,"column":36}},"29":{"start":{"line":29,"column":0},"end":{"line":29,"column":49}},"30":{"start":{"line":31,"column":0},"end":{"line":31,"column":36}},"31":{"start":{"line":33,"column":0},"end":{"line":33,"column":49}},"32":{"start":{"line":35,"column":0},"end":{"line":35,"column":36}},"33":{"start":{"line":37,"column":0},"end":{"line":37,"column":49}},"34":{"start":{"line":39,"column":0},"end":{"line":39,"column":34}},"35":{"start":{"line":41,"column":0},"end":{"line":41,"column":47}},"36":{"start":{"line":43,"column":0},"end":{"line":43,"column":32}},"37":{"start":{"line":45,"column":0},"end":{"line":45,"column":45}},"38":{"start":{"line":47,"column":0},"end":{"line":47,"column":28}},"39":{"start":{"line":49,"column":0},"end":{"line":49,"column":41}},"40":{"start":{"line":51,"column":0},"end":{"line":51,"column":36}},"41":{"start":{"line":53,"column":0},"end":{"line":53,"column":49}},"42":{"start":{"line":55,"column":0},"end":{"line":55,"column":36}},"43":{"start":{"line":57,"column":0},"end":{"line":57,"column":49}},"44":{"start":{"line":59,"column":0},"end":{"line":59,"column":46}},"45":{"start":{"line":61,"column":0},"end":{"line":61,"column":59}},"46":{"start":{"line":63,"column":0},"end":{"line":63,"column":30}},"47":{"start":{"line":65,"column":0},"end":{"line":65,"column":43}},"48":{"start":{"line":67,"column":0},"end":{"line":67,"column":95}},"49":{"start":{"line":67,"column":39},"end":{"line":67,"column":93}},"50":{"start":{"line":69,"column":0},"end":{"line":69,"column":153}},"51":{"start":{"line":69,"column":50},"end":{"line":69,"column":151}},"52":{"start":{"line":69,"column":92},"end":{"line":69,"column":149}},"53":{"start":{"line":71,"column":0},"end":{"line":206,"column":4}},"54":{"start":{"line":72,"column":2},"end":{"line":109,"column":3}},"55":{"start":{"line":73,"column":4},"end":{"line":73,"column":34}},"56":{"start":{"line":75,"column":4},"end":{"line":77,"column":5}},"57":{"start":{"line":76,"column":6},"end":{"line":76,"column":35}},"58":{"start":{"line":79,"column":4},"end":{"line":90,"column":5}},"59":{"start":{"line":80,"column":6},"end":{"line":80,"column":34}},"60":{"start":{"line":81,"column":6},"end":{"line":81,"column":34}},"61":{"start":{"line":82,"column":11},"end":{"line":90,"column":5}},"62":{"start":{"line":83,"column":6},"end":{"line":89,"column":7}},"63":{"start":{"line":84,"column":8},"end":{"line":84,"column":42}},"64":{"start":{"line":85,"column":8},"end":{"line":85,"column":31}},"65":{"start":{"line":87,"column":8},"end":{"line":87,"column":42}},"66":{"start":{"line":88,"column":8},"end":{"line":88,"column":46}},"67":{"start":{"line":91,"column":4},"end":{"line":93,"column":5}},"68":{"start":{"line":92,"column":6},"end":{"line":92,"column":76}},"69":{"start":{"line":94,"column":4},"end":{"line":94,"column":42}},"70":{"start":{"line":95,"column":4},"end":{"line":95,"column":44}},"71":{"start":{"line":96,"column":4},"end":{"line":96,"column":49}},"72":{"start":{"line":97,"column":4},"end":{"line":97,"column":48}},"73":{"start":{"line":98,"column":4},"end":{"line":98,"column":45}},"74":{"start":{"line":99,"column":4},"end":{"line":99,"column":48}},"75":{"start":{"line":100,"column":4},"end":{"line":100,"column":45}},"76":{"start":{"line":101,"column":4},"end":{"line":101,"column":44}},"77":{"start":{"line":102,"column":4},"end":{"line":102,"column":40}},"78":{"start":{"line":103,"column":4},"end":{"line":103,"column":48}},"79":{"start":{"line":104,"column":4},"end":{"line":104,"column":48}},"80":{"start":{"line":105,"column":4},"end":{"line":105,"column":58}},"81":{"start":{"line":106,"column":4},"end":{"line":106,"column":42}},"82":{"start":{"line":107,"column":4},"end":{"line":107,"column":26}},"83":{"start":{"line":108,"column":4},"end":{"line":108,"column":45}},"84":{"start":{"line":111,"column":2},"end":{"line":203,"column":6}},"85":{"start":{"line":114,"column":6},"end":{"line":114,"column":27}},"86":{"start":{"line":115,"column":6},"end":{"line":115,"column":18}},"87":{"start":{"line":120,"column":6},"end":{"line":120,"column":29}},"88":{"start":{"line":121,"column":6},"end":{"line":121,"column":18}},"89":{"start":{"line":126,"column":6},"end":{"line":126,"column":23}},"90":{"start":{"line":128,"column":6},"end":{"line":152,"column":7}},"91":{"start":{"line":129,"column":8},"end":{"line":145,"column":12}},"92":{"start":{"line":130,"column":10},"end":{"line":130,"column":47}},"93":{"start":{"line":131,"column":10},"end":{"line":144,"column":12}},"94":{"start":{"line":133,"column":14},"end":{"line":139,"column":16}},"95":{"start":{"line":134,"column":16},"end":{"line":138,"column":17}},"96":{"start":{"line":135,"column":18},"end":{"line":135,"column":57}},"97":{"start":{"line":137,"column":18},"end":{"line":137,"column":32}},"98":{"start":{"line":140,"column":14},"end":{"line":142,"column":17}},"99":{"start":{"line":141,"column":16},"end":{"line":141,"column":52}},"100":{"start":{"line":147,"column":8},"end":{"line":147,"column":100}},"101":{"start":{"line":147,"column":86},"end":{"line":147,"column":100}},"102":{"start":{"line":149,"column":8},"end":{"line":151,"column":11}},"103":{"start":{"line":150,"column":10},"end":{"line":150,"column":38}},"104":{"start":{"line":157,"column":6},"end":{"line":159,"column":9}},"105":{"start":{"line":158,"column":8},"end":{"line":158,"column":27}},"106":{"start":{"line":164,"column":6},"end":{"line":164,"column":242}},"107":{"start":{"line":169,"column":6},"end":{"line":169,"column":243}},"108":{"start":{"line":174,"column":6},"end":{"line":174,"column":243}},"109":{"start":{"line":179,"column":6},"end":{"line":179,"column":224}},"110":{"start":{"line":184,"column":6},"end":{"line":184,"column":246}},"111":{"start":{"line":189,"column":6},"end":{"line":191,"column":7}},"112":{"start":{"line":190,"column":8},"end":{"line":190,"column":15}},"113":{"start":{"line":192,"column":6},"end":{"line":201,"column":7}},"114":{"start":{"line":193,"column":8},"end":{"line":193,"column":83}},"115":{"start":{"line":194,"column":8},"end":{"line":198,"column":9}},"116":{"start":{"line":195,"column":10},"end":{"line":195,"column":24}},"117":{"start":{"line":197,"column":10},"end":{"line":197,"column":24}},"118":{"start":{"line":200,"column":8},"end":{"line":200,"column":16}},"119":{"start":{"line":205,"column":2},"end":{"line":205,"column":16}},"120":{"start":{"line":208,"column":0},"end":{"line":208,"column":25}}},"branchMap":{"1":{"line":7,"type":"cond-expr","locations":[{"start":{"line":7,"column":84},"end":{"line":7,"column":121}},{"start":{"line":7,"column":124},"end":{"line":7,"column":240}}]},"2":{"line":7,"type":"binary-expr","locations":[{"start":{"line":7,"column":14},"end":{"line":7,"column":42}},{"start":{"line":7,"column":46},"end":{"line":7,"column":81}}]},"3":{"line":7,"type":"cond-expr","locations":[{"start":{"line":7,"column":216},"end":{"line":7,"column":224}},{"start":{"line":7,"column":227},"end":{"line":7,"column":237}}]},"4":{"line":7,"type":"binary-expr","locations":[{"start":{"line":7,"column":148},"end":{"line":7,"column":151}},{"start":{"line":7,"column":155},"end":{"line":7,"column":183}},{"start":{"line":7,"column":187},"end":{"line":7,"column":213}}]},"5":{"line":9,"type":"binary-expr","locations":[{"start":{"line":9,"column":168},"end":{"line":9,"column":189}},{"start":{"line":9,"column":193},"end":{"line":9,"column":198}}]},"6":{"line":9,"type":"if","locations":[{"start":{"line":9,"column":232},"end":{"line":9,"column":232}},{"start":{"line":9,"column":232},"end":{"line":9,"column":232}}]},"7":{"line":9,"type":"if","locations":[{"start":{"line":9,"column":407},"end":{"line":9,"column":407}},{"start":{"line":9,"column":407},"end":{"line":9,"column":407}}]},"8":{"line":9,"type":"if","locations":[{"start":{"line":9,"column":476},"end":{"line":9,"column":476}},{"start":{"line":9,"column":476},"end":{"line":9,"column":476}}]},"9":{"line":67,"type":"cond-expr","locations":[{"start":{"line":67,"column":70},"end":{"line":67,"column":73}},{"start":{"line":67,"column":76},"end":{"line":67,"column":92}}]},"10":{"line":67,"type":"binary-expr","locations":[{"start":{"line":67,"column":46},"end":{"line":67,"column":49}},{"start":{"line":67,"column":53},"end":{"line":67,"column":67}}]},"11":{"line":69,"type":"if","locations":[{"start":{"line":69,"column":50},"end":{"line":69,"column":50}},{"start":{"line":69,"column":50},"end":{"line":69,"column":50}}]},"12":{"line":79,"type":"if","locations":[{"start":{"line":79,"column":4},"end":{"line":79,"column":4}},{"start":{"line":79,"column":4},"end":{"line":79,"column":4}}]},"13":{"line":82,"type":"if","locations":[{"start":{"line":82,"column":11},"end":{"line":82,"column":11}},{"start":{"line":82,"column":11},"end":{"line":82,"column":11}}]},"14":{"line":83,"type":"if","locations":[{"start":{"line":83,"column":6},"end":{"line":83,"column":6}},{"start":{"line":83,"column":6},"end":{"line":83,"column":6}}]},"15":{"line":91,"type":"if","locations":[{"start":{"line":91,"column":4},"end":{"line":91,"column":4}},{"start":{"line":91,"column":4},"end":{"line":91,"column":4}}]},"16":{"line":91,"type":"binary-expr","locations":[{"start":{"line":91,"column":8},"end":{"line":91,"column":26}},{"start":{"line":91,"column":30},"end":{"line":91,"column":61}}]},"17":{"line":128,"type":"if","locations":[{"start":{"line":128,"column":6},"end":{"line":128,"column":6}},{"start":{"line":128,"column":6},"end":{"line":128,"column":6}}]},"18":{"line":128,"type":"binary-expr","locations":[{"start":{"line":128,"column":10},"end":{"line":128,"column":23}},{"start":{"line":128,"column":27},"end":{"line":128,"column":29}}]},"19":{"line":134,"type":"if","locations":[{"start":{"line":134,"column":16},"end":{"line":134,"column":16}},{"start":{"line":134,"column":16},"end":{"line":134,"column":16}}]},"20":{"line":147,"type":"if","locations":[{"start":{"line":147,"column":8},"end":{"line":147,"column":8}},{"start":{"line":147,"column":8},"end":{"line":147,"column":8}}]},"21":{"line":147,"type":"cond-expr","locations":[{"start":{"line":147,"column":43},"end":{"line":147,"column":54}},{"start":{"line":147,"column":57},"end":{"line":147,"column":70}}]},"22":{"line":189,"type":"if","locations":[{"start":{"line":189,"column":6},"end":{"line":189,"column":6}},{"start":{"line":189,"column":6},"end":{"line":189,"column":6}}]},"23":{"line":192,"type":"if","locations":[{"start":{"line":192,"column":6},"end":{"line":192,"column":6}},{"start":{"line":192,"column":6},"end":{"line":192,"column":6}}]},"24":{"line":193,"type":"binary-expr","locations":[{"start":{"line":193,"column":24},"end":{"line":193,"column":34}},{"start":{"line":193,"column":38},"end":{"line":193,"column":47}},{"start":{"line":193,"column":51},"end":{"line":193,"column":82}}]},"25":{"line":194,"type":"if","locations":[{"start":{"line":194,"column":8},"end":{"line":194,"column":8}},{"start":{"line":194,"column":8},"end":{"line":194,"column":8}}]}},"code":["'use strict';","","Object.defineProperty(exports, \"__esModule\", {","  value: true","});","","var _typeof = typeof Symbol === \"function\" && typeof Symbol.iterator === \"symbol\" ? function (obj) { return typeof obj; } : function (obj) { return obj && typeof Symbol === \"function\" && obj.constructor === Symbol ? \"symbol\" : typeof obj; };","","var _createClass = function () { function defineProperties(target, props) { for (var i = 0; i < props.length; i++) { var descriptor = props[i]; descriptor.enumerable = descriptor.enumerable || false; descriptor.configurable = true; if (\"value\" in descriptor) descriptor.writable = true; Object.defineProperty(target, descriptor.key, descriptor); } } return function (Constructor, protoProps, staticProps) { if (protoProps) defineProperties(Constructor.prototype, protoProps); if (staticProps) defineProperties(Constructor, staticProps); return Constructor; }; }();","","var _unirest = require('unirest');","","var _unirest2 = _interopRequireDefault(_unirest);","","var _bluebird = require('bluebird');","","var _bluebird2 = _interopRequireDefault(_bluebird);","","var _user = require('./user');","","var _user2 = _interopRequireDefault(_user);","","var _event = require('./event');","","var _event2 = _interopRequireDefault(_event);","","var _company = require('./company');","","var _company2 = _interopRequireDefault(_company);","","var _contact = require('./contact');","","var _contact2 = _interopRequireDefault(_contact);","","var _visitor = require('./visitor');","","var _visitor2 = _interopRequireDefault(_visitor);","","var _counts = require('./counts');","","var _counts2 = _interopRequireDefault(_counts);","","var _admin = require('./admin');","","var _admin2 = _interopRequireDefault(_admin);","","var _tag = require('./tag');","","var _tag2 = _interopRequireDefault(_tag);","","var _segment = require('./segment');","","var _segment2 = _interopRequireDefault(_segment);","","var _message = require('./message');","","var _message2 = _interopRequireDefault(_message);","","var _conversation = require('./conversation');","","var _conversation2 = _interopRequireDefault(_conversation);","","var _note = require('./note');","","var _note2 = _interopRequireDefault(_note);","","function _interopRequireDefault(obj) { return obj && obj.__esModule ? obj : { default: obj }; }","","function _classCallCheck(instance, Constructor) { if (!(instance instanceof Constructor)) { throw new TypeError(\"Cannot call a class as a function\"); } }","","var Client = function () {","  function Client() {","    _classCallCheck(this, Client);","","    for (var _len = arguments.length, args = Array(_len), _key = 0; _key < _len; _key++) {","      args[_key] = arguments[_key];","    }","","    if (args.length === 2) {","      this.usernamePart = args[0];","      this.passwordPart = args[1];","    } else if (args.length === 1) {","      if (args[0].token) {","        this.usernamePart = args[0].token;","        this.passwordPart = '';","      } else {","        this.usernamePart = args[0].appId;","        this.passwordPart = args[0].appApiKey;","      }","    }","    if (!this.usernamePart || this.passwordPart === undefined) {","      throw new Error('Could not construct a client with those parameters');","    }","    this.users = new _user2.default(this);","    this.events = new _event2.default(this);","    this.companies = new _company2.default(this);","    this.contacts = new _contact2.default(this);","    this.leads = new _contact2.default(this);","    this.visitors = new _visitor2.default(this);","    this.counts = new _counts2.default(this);","    this.admins = new _admin2.default(this);","    this.tags = new _tag2.default(this);","    this.segments = new _segment2.default(this);","    this.messages = new _message2.default(this);","    this.conversations = new _conversation2.default(this);","    this.notes = new _note2.default(this);","    this.promises = false;","    this.baseUrl = 'https://api.intercom.io';","  }","","  _createClass(Client, [{","    key: 'usePromises',","    value: function usePromises() {","      this.promises = true;","      return this;","    }","  }, {","    key: 'useBaseUrl',","    value: function useBaseUrl(baseUrl) {","      this.baseUrl = baseUrl;","      return this;","    }","  }, {","    key: 'promiseProxy',","    value: function promiseProxy(f, req) {","      var _this = this;","","      if (this.promises || !f) {","        var _ret = function () {","          var callbackHandler = _this.callback;","          return {","            v: new _bluebird2.default(function (resolve, reject) {","              var resolver = function resolver(err, data) {","                if (err) {","                  reject(new Error(JSON.stringify(err)));","                } else {","                  resolve(data);","                }","              };","              req.end(function (r) {","                return callbackHandler(resolver, r);","              });","            })","          };","        }();","","        if ((typeof _ret === 'undefined' ? 'undefined' : _typeof(_ret)) === \"object\") return _ret.v;","      } else {","        req.end(function (r) {","          return _this.callback(f, r);","        });","      }","    }","  }, {","    key: 'ping',","    value: function ping(f) {","      _unirest2.default.get(this.baseUrl + '/admins').auth(this.usernamePart, this.passwordPart).type('json').header('Accept', 'application/json').header('User-Agent', 'interco
[...]
":21,"column":6},"end":{"line":21,"column":49}},"26":{"start":{"line":26,"column":6},"end":{"line":26,"column":62}},"27":{"start":{"line":30,"column":2},"end":{"line":30,"column":17}},"28":{"start":{"line":33,"column":0},"end":{"line":33,"column":26}}},"branchMap":{"1":{"line":7,"type":"binary-expr","locations":[{"start":{"line":7,"column":168},"end":{"line":7,"column":189}},{"start":{"line":7,"column":193},"end":{"line":7,"column":198}}]},"2":{"line":7,"type":"if","locations":[{"start":{"line":7,"column":232},"end":{"line":7,"column":232}},{"start":{"line":7,"column":232},"end":{"line":7,"column":232}}]},"3":{"line":7,"type":"if","locations":[{"start":{"line":7,"column":407},"end":{"line":7,"column":407}},{"start":{"line":7,"column":407},"end":{"line":7,"column":407}}]},"4":{"line":7,"type":"if","locations":[{"start":{"line":7,"column":476},"end":{"line":7,"column":476}},{"start":{"line":7,"column":476},"end":{"line":7,"column":476}}]},"5":{"line":9,"type":"if","locations":[{"start":{"line":9,"column":50},"end":{"line":9,"column":50}},{"start":{"line":9,"column":50},"end":{"line":9,"column":50}}]}},"code":["'use strict';","","Object.defineProperty(exports, \"__esModule\", {","  value: true","});","","var _createClass = function () { function defineProperties(target, props) { for (var i = 0; i < props.length; i++) { var descriptor = props[i]; descriptor.enumerable = descriptor.enumerable || false; descriptor.configurable = true; if (\"value\" in descriptor) descriptor.writable = true; Object.defineProperty(target, descriptor.key, descriptor); } } return function (Constructor, protoProps, staticProps) { if (protoProps) defineProperties(Constructor.prototype, protoProps); if (staticProps) defineProperties(Constructor, staticProps); return Constructor; }; }();","","function _classCallCheck(instance, Constructor) { if (!(instance instanceof Constructor)) { throw new TypeError(\"Cannot call a class as a function\"); } }","","var Segment = function () {","  function Segment(client) {","    _classCallCheck(this, Segment);","","    this.client = client;","  }","","  _createClass(Segment, [{","    key: 'list',","    value: function list(f) {","      return this.client.get('/segments', {}, f);","    }","  }, {","    key: 'find',","    value: function find(params, f) {","      return this.client.get('/segments/' + params.id, {}, f);","    }","  }]);","","  return Segment;","}();","","exports.default = Segment;"],"l":{"3":1,"7":2,"9":1,"11":1,"12":1,"13":0,"15":0,"18":1,"21":0,"26":0,"30":1,"33":1}},"/home/travis/build/npmtest/node-npmtest-intercom-client/node_modules/intercom-client/dist/message.js":{"path":"/home/travis/build/npmtest/node-npmtest-intercom-client/node_modules/intercom-client/dist/message.js","s":{"1":1,"2":1,"3":1,"4":1,"5":1,"6":1,"7":1,"8":1,"9":1,"10":1,"11":1,"12":1,"13":1,"14":1,"15":0,"16":1,"17":1,"18":0,"19":0,"20":1,"21":1,"22":0,"23":0,"24":1,"25":0,"26":1,"27":1},"b":{"1":[1,1],"2":[1,0],"3":[1,0],"4":[0,1],"5":[0,0]},"f":{"1":1,"2":1,"3":1,"4":0,"5":1,"6":0,"7":0},"fnMap":{"1":{"name":"(anonymous_1)","line":7,"loc":{"start":{"line":7,"column":19},"end":{"line":7,"column":31}}},"2":{"name":"defineProperties","line":7,"loc":{"start":{"line":7,"column":33},"end":{"line":7,"column":74}}},"3":{"name":"(anonymous_3)","line":7,"loc":{"start":{"line":7,"column":357},"end":{"line":7,"column":405}}},"4":{"name":"_classCallCheck","line":9,"loc":{"start":{"line":9,"column":0},"end":{"line":9,"column":48}}},"5":{"name":"(anonymous_5)","line":11,"loc":{"start":{"line":11,"column":14},"end":{"line":11,"column":26}}},"6":{"name":"Message","line":12,"loc":{"start":{"line":12,"column":2},"end":{"line":12,"column":27}}},"7":{"name":"create","line":20,"loc":{"start":{"line":20,"column":11},"end":{"line":20,"column":36}}}},"statementMap":{"1":{"start":{"line":3,"column":0},"end":{"line":5,"column":3}},"2":{"start":{"line":7,"column":0},"end":{"line":7,"column":564}},"3":{"start":{"line":7,"column":33},"end":{"line":7,"column":349}},"4":{"start":{"line":7,"column":76},"end":{"line":7,"column":347}},"5":{"start":{"line":7,"column":117},"end":{"line":7,"column":143}},"6":{"start":{"line":7,"column":144},"end":{"line":7,"column":199}},"7":{"start":{"line":7,"column":200},"end":{"line":7,"column":231}},"8":{"start":{"line":7,"column":232},"end":{"line":7,"column":286}},"9":{"start":{"line":7,"column":259},"end":{"line":7,"column":286}},"10":{"start":{"line":7,"column":287},"end":{"line":7,"column":345}},"11":{"start":{"line":7,"column":350},"end":{"line":7,"column":559}},"12":{"start":{"line":7,"column":407},"end":{"line":7,"column":475}},"13":{"start":{"line":7,"column":423},"end":{"line":7,"column":475}},"14":{"start":{"line":7,"column":476},"end":{"line":7,"column":536}},"15":{"start":{"line":7,"column":493},"end":{"line":7,"column":536}},"16":{"start":{"line":7,"column":537},"end":{"line":7,"column":556}},"17":{"start":{"line":9,"column":0},"end":{"line":9,"column":153}},"18":{"start":{"line":9,"column":50},"end":{"line":9,"column":151}},"19":{"start":{"line":9,"column":92},"end":{"line":9,"column":149}},"20":{"start":{"line":11,"column":0},"end":{"line":26,"column":4}},"21":{"start":{"line":12,"column":2},"end":{"line":16,"column":3}},"22":{"start":{"line":13,"column":4},"end":{"line":13,"column":35}},"23":{"start":{"line":15,"column":4},"end":{"line":15,"column":25}},"24":{"start":{"line":18,"column":2},"end":{"line":23,"column":6}},"25":{"start":{"line":21,"column":6},"end":{"line":21,"column":52}},"26":{"start":{"line":25,"column":2},"end":{"line":25,"column":17}},"27":{"start":{"line":28,"column":0},"end":{"line":28,"column":26}}},"branchMap":{"1":{"line":7,"type":"binary-expr","locations":[{"start":{"line":7,"column":168},"end":{"line":7,"column":189}},{"start":{"line":7,"column":193},"end":{"line":7,"column":198}}]},"2":{"line":7,"type":"if","locations":[{"start":{"line":7,"column":232},"end":{"line":7,"column":232}},{"start":{"line":7,"column":232},"end":{"line":7,"column":232}}]},"3":{"line":7,"type":"if","locations":[{"start":{"line":7,"column":407},"end":{"line":7,"column":407}},{"start":{"line":7,"column":407},"end":{"line":7,"column":407}}]},"4":{"line":7,"type":"if","locations":[{"start":{"line":7,"column":476},"end":{"line":7,"column":476}},{"start":{"line":7,"column":476},"end":{"line":7,"column":476}}]},"5":{"line":9,"type":"if","locations":[{"start":{"line":9,"column":50},"end":{"line":9,"column":50}},{"start":{"line":9,"column":50},"end":{"line":9,"column":50}}]}},"code":["'use strict';","","Object.defineProperty(exports, \"__esModule\", {","  value: true","});","","var _createClass = function () { function defineProperties(target, props) { for (var i = 0; i < props.length; i++) { var descriptor = props[i]; descriptor.enumerable = descriptor.enumerable || false; descriptor.configurable = true; if (\"value\" in descriptor) descriptor.writable = true; Object.defineProperty(target, descriptor.key, descriptor); } } return function (Constructor, protoProps, staticProps) { if (protoProps) defineProperties(Constructor.prototype, protoProps); if (staticProps) defineProperties(Constructor, staticProps); return Constructor; }; }();","","function _classCallCheck(instance, Constructor) { if (!(instance instanceof Constructor)) { throw new TypeError(\"Cannot call a class as a function\"); } }","","var Message = function () {","  function Message(client) {","    _classCallCheck(this, Message);","","    this.client = client;","  }","","  _createClass(Message, [{","    key: 'create',","    value: function create(data, f) {","      return this.client.post('/messages', data, f);","    }","  }]);","","  return Message;","}();","","exports.default = Message;"],"l":{"3":1,"7":1,"9":1,"11":1,"12":1,"13":0,"15":0,"18":1,"21":0,"25":1,"28":1}},"/home/travis/build/npmtest/node-npmtest-intercom-client/node_modules/intercom-client/dist/conversation.js":{"path":"/home/travis/build/npmtest/node-npmtest-intercom-client/node_modules/intercom-client/dist/conversation.js","s":{"1":1,"2":1,"3":1,"4":1,"5":4,"6":4,"7":4,"8":4,"9":4,"10":4,"11":1,"12":1,"13":1,"14":1,"15":0,"16":1,"17":1,"18":0,"19":0,"20":1,"21":1,"22":0,"23":0,"24":1,"25":0,"26":0,"27":0,"28":0,"29":1,"30":1},"b":{"1":[4,4],"2":[4,0],"3":[1,0],"4":[0,1],"5":[0,0]},"f":{"1":1,"2":1,"3":1,"4":0,"5":1,"6":0,"7":0,"8":0,"9":0,"10":0},"fnMap":{"1":{"name":"(anonymous_1)","line":7,"loc":{"start":{"line":7,"column":19},"end":{"line":7,"column":31}}},"2":{"name":"defineProperties","line":7,"loc":{"start":{"line":7,"column":33},"end":{"line":7,"column":74}}},"3":{"name":"(anonymous_3)","line":7,"loc":{"start":{"line":7,"column":357},"end":{"line":7,"column":405}}},"4":{"name":"_classCallCheck","line":9,"loc":{"start":{"line":9,"column":0},"end":{"line":9,"column":48}}},"5":{"name":"(anonymous_5)","line":11,"loc":{"start":{"line":11,"column":19},"end":{"line":11,"column":31}}},"6":{"name":"Conversation","line":12,"loc":{"start":{"line":12,"column":2},"end":{"line":12,"column":32}}},"7":{"name":"list","line":20,"loc":{"start":{"line":20,"column":11},"end":{"line":20,"column":34}}},"8":{"name":"find","line":25,"loc":{"start":{"line":25,"column":11},"end":{"line":25,"column":36}}},"9":{"name":"reply","line":30,"loc":{"start":{"line":30,"column":11},"end":{"line":30,"column":37}}},"10":{"name":"markAsRead","line":35,"loc":{"start":{"line":35,"column":11},"end":{"line":35,"column":42}}}},"statementMap":{"1":{"start":{"line":3,"column":0},"end":{"line":5,"column":3}},"2":{"start":{"line":7,"column":0},"end":{"line":7,"column":564}},"3":{"start":{"line":7,"column":33},"end":{"line":7,"column":349}},"4":{"start":{"line":7,"column":76},"end":{"line":7,"column":347}},"5":{"start":{"line":7,"column":117},"end":{"line":7,"column":143}},"6":{"start":{"line":7,"column":144},"end":{"line":7,"column":199}},"7":{"start":{"line":7,"column":200},"end":{"line":7,"column":231}},"8":{"start":{"line":7,"column":232},"end":{"line":7,"column":286}},"9":{"start":{"line":7,"column":259},"end":{"line":7,"column":286}},"10":{"start":{"line":7,"column":287},"end":{"line":7,"column":345}},"11":{"start":{"line":7,"column":350},"end":{"line":7,"column":559}},"12":{"start":{"line":7,"column":407},"end":{"line":7,"column":475}},"13":{"start":{"line":7,"column":423},"end":{"line":7,"column":475}},"14":{"start":{"line":7,"column":476},"end":{"line":7,"column":536}},"15":{"start":{"line":7,"column":493},"end":{"line":7,"column":536}},"16":{"start":{"line":7,"column":537},"end":{"line":7,"column":556}},"17":{"start":{"line":9,"column":0},"end":{"line":9,"column":153}},"18":{"start":{"line":9,"column":50},"end":{"line":9,"column":151}},"19":{"start":{"line":9,"column":92},"end":{"line":9,"column":149}},"20":{"start":{"line":11,"column":0},"end":{"line":41,"column":4}},"21":{"start":{"line":12,"column":2},"end":{"line":16,"column":3}},"22":{"start":{"line":13,"column":4},"end":{"line":13,"column":40}},"23":{"start":{"line":15,"column":4},"end":{"line":15,"column":25}},"24":{"start":{"line":18,"column":2},"end":{"line":38,"column":6}},"25":{"start":{"line":21,"column":6},"end":{"line":21,"column":56}},"26":{"start":{"line":26,"column":6},"end":{"line":26,"column":71}},"27":{"start":{"line":31,"column":6},"end":{"line":31,"column":83}},"28":{"start":{"line":36,"column":6},"end":{"line":36,"column":79}},"29":{"start":{"line":40,"column":2},"end":{"line":40,"column":22}},"30":{"start":{"line":43,"column":0},"end":{"line":43,"column":31}}},"branchMap":{"1":{"line":7,"type":"binary-expr","locations":[{"start":{"line":7,"column":168},"end":{"line":7,"column":189}},{"start":{"line":7,"column":193},"end":{"line":7,"column":198}}]},"2":{"line":7,"type":"if","locations":[{"start":{"line":7,"column":232},"end":{"line":7,"column":232}},{"start":{"line":7,"column":232},"end":{"line":7,"column":232}}]},"3":{"line":7,"type":"if","locations":[{"start":{"line":7,"column":407},"end":{"line":7,"column":407}},{"start":{"line":7,"column":407},"end":{"line":7,"column":407}}]},"4":{"line":7,"type":"if","locations":[{"start":{"line":7,"column":476},"end":{"line":7,"column":476}},{"start":{"line":7,"column":476},"end":{"line":7,"column":476}}]},"5":{"line":9,"type":"if","locations":[{"start":{"line":9,"column":50},"end":{"line":9,"column":50}},{"start":{"line":9,"column":50},"end":{"line":9,"column":50}}]}},"code":["'use strict';","","Object.defineProperty(exports, \"__esModule\", {","  value: true","});","","var _createClass = function () { function defineProperties(target, props) { for (var i = 0; i < props.length; i++) { var descriptor = props[i]; descriptor.enumerable = descriptor.enumerable || false; descriptor.configurable = true; if (\"value\" in descriptor) descriptor.writable = true; Object.defineProperty(target, descriptor.key, descriptor); } } return function (Constructor, protoProps, staticProps) { if (protoProps) defineProperties(Constructor.prototype, protoProps); if (staticProps) defineProperties(Constructor, staticProps); return Constructor; }; }();","","function _classCallCheck(instance, Constructor) { if (!(instance instanceof Constructor)) { throw new TypeError(\"Cannot call a class as a function\"); } }","","var Conversation = function () {","  function Conversation(client) {","    _classCallCheck(this, Conversation);","","    this.client = client;","  }","","  _createClass(Conversation, [{","    key: 'list',","    value: function list(data, f) {","      return this.client.get('/conversations', data, f);","    }","  }, {","    key: 'find',","    value: function find(params, f) {","      return this.client.get('/conversations/' + params.id, params, f);","    }","  }, {","    key: 'reply',","    value: function reply(params, f) {","      return this.client.post('/conversations/' + params.id + '/reply', params, f);","    }","  }, {","    key: 'markAsRead',","    value: function markAsRead(params, f) {","      return this.client.put('/conversations/' + params.id, { read: true }, f);","    }","  }]);","","  return Conversation;","}();","","exports.default = Conversation;"],"l":{"3":1,"7":4,"9":1,"11":1,"12":1,"13":0,"15":0,"18":1,"21":0,"26":0,"31":0,"36":0,"40":1,"43":1}},"/home/travis/build/npmtest/node-npmtest-intercom-client/node_modules/intercom-client/dist/note.js":{"path":"/home/travis/build/npmtest/node-npmtest-intercom-client/node_modules/intercom-client/dist/note.js","s":{"1":1,"2":1,"3":1,"4":1,"5":3,"6":3,"7":3,"8":3,"9":3,"10":3,"11":1,"12":1,"13":1,"14":1,"15":0,"16":1,"17":1,"18":0,"19":0,"20":1,"21":1,"22":0,"23":0,"24":1,"25":0,"26":0,"27":0,"28":1,"29":1},"b":{"1":[3,3],"2":[3,0],"3":[1,0],"4":[0,1],"5":[0,0]},"f":{"1":1,"2":1,"3":1,"4":0,"5":1,"6":0,"7":0,"8":0,"9":0},"fnMap":{"1":{"name":"(anonymous_1)","line":7,"loc":{"start":{"line":7,"column":19},"end":{"line":7,"column":31}}},"2":{"name":"defineProperties","line":7,"loc":{"start":{"line":7,"column":33},"end":{"line":7,"column":74}}},"3":{"name":"(anonymous_3)","line":7,"loc":{"start":{"line":7,"column":357},"end":{"line":7,"column":405}}},"4":{"name":"_classCallCheck","line":9,"loc":{"start":{"line":9,"column":0},"end":{"line":9,"column":48}}},"5":{"name":"(anonymous_5)","line":11,"loc":{"start":{"line":11,"column":11},"end":{"line":11,"column":23}}},"6":{"name":"Note","line":12,"loc":{"start":{"line":12,"column":2},"end":{"line":12,"column":24}}},"7":{"name":"create","line":20,"loc":{"start":{"line":20,"column":11},"end":{"line":20,"column":38}}},"8":{"name":"list","line":25,"loc":{"start":{"line":25,"column":11},"end":{"line":25,"column":36}}},"9":{"name":"find","line":30,"loc":{"start":{"line":30,"column":11},"end":{"line":30,"column":36}}}},"statementMap":{"1":{"start":{"line":3,"column":0},"end":{"line":5,"column":3}},"2":{"start":{"line":7,"column":0},"end":{"line":7,"column":564}},"3":{"start":{"line":7,"column":33},"end":{"line":7,"column":349}},"4":{"start":{"line":7,"column":76},"end":{"line":7,"column":347}},"5":{"start":{"line":7,"column":117},"end":{"line":7,"column":143}},"6":{"start":{"line":7,"column":144},"end":{"line":7,"column":199}},"7":{"start":{"line":7,"column":200},"end":{"line":7,"column":231}},"8":{"start":{"line":7,"column":232},"end":{"line":7,"column":286}},"9":{"start":{"line":7,"column":259},"end":{"line":7,"column":286}},"10":{"start":{"line":7,"column":287},"end":{"line":7,"column":345}},"11":{"start":{"line":7,"column":350},"end":{"line":7,"column":559}},"12":{"start":{"line":7,"column":407},"end":{"line":7,"column":475}},"13":{"start":{"line":7,"column":423},"end":{"line":7,"column":475}},"14":{"start":{"line":7,"column":476},"end":{"line":7,"column":536}},"15":{"start":{"line":7,"column":493},"end":{"line":7,"column":536}},"16":{"start":{"line":7,"column":537},"end":{"line":7,"column":556}},"17":{"start":{"line":9,"column":0},"end":{"line":9,"column":153}},"18":{"start":{"line":9,"column":50},"end":{"line":9,"column":151}},"19":{"start":{"line":9,"column":92},"end":{"line":9,"column":149}},"20":{"start":{"line":11,"column":0},"end":{"line":36,"column":4}},"21":{"start":{"line":12,"column":2},"end":{"line":16,"column":3}},"22":{"start":{"line":13,"column":4},"end":{"line":13,"column":32}},"23":{"start":{"line":15,"column":4},"end":{"line":15,"column":25}},"24":{"start":{"line":18,"column":2},"end":{"line":33,"column":6}},"25":{"start":{"line":21,"column":6},"end":{"line":21,"column":51}},"26":{"start":{"line":26,"column":6},"end":{"line":26,"column":50}},"27":{"start":{"line":31,"column":6},"end":{"line":31,"column":59}},"28":{"start":{"line":35,"column":2},"end":{"line":35,"column":14}},"29":{"start":{"line":38,"column":0},"end":{"line":38,"column":23}}},"branchMap":{"1":{"line":7,"type":"binary-expr","locations":[{"start":{"line":7,"column":168},"end":{"line":7,"column":189}},{"start":{"line":7,"column":193},"end":{"line":7,"column":198}}]},"2":{"line":7,"type":"if","locations":[{"start":{"line":7,"column":232},"end":{"line":7,"column":232}},{"start":{"line":7,"column":232},"end":{"line":7,"column":232}}]},"3":{"line":7,"type":"if","locations":[{"start":{"line":7,"column":407},"end":{"line":7,"column":407}},{"start":{"line":7,"column":407},"end":{"line":7,"column":407}}]},"4":{"line":7,"type":"if","locations":[{"start":{"line":7,"column":476},"end":{"line":7,"column":476}},{"start":{"line":7,"column":476},"end":{"line":7,"column":476}}]},"5":{"line":9,"type":"if","locations":[{"start":{"line":9,"column":50},"end":{"line":9,"column":50}},{"start":{"line":9,"column":50},"end":{"line":9,"column":50}}]}},"code":["'use strict';","","Object.defineProperty(exports, \"__esModule\", {","  value: true","});","","var _createClass = function () { function defineProperties(target, props) { for (var i = 0; i < props.length; i++) { var descriptor = props[i]; descriptor.enumerable = descriptor.enumerable || false; descriptor.configurable = true; if (\"value\" in descriptor) descriptor.writable = true; Object.defineProperty(target, descriptor.key, descriptor); } } return function (Constructor, protoProps, staticProps) { if (protoProps) defineProperties(Constructor.prototype, protoProps); if (staticProps) defineProperties(Constructor, staticProps); return Constructor; }; }();","","function _classCallCheck(instance, Constructor) { if (!(instance instanceof Constructor)) { throw new TypeError(\"Cannot call a class as a function\"); } }","","var Note = function () {","  function Note(client) {","    _classCallCheck(this, Note);","","    this.client = client;","  }","","  _createClass(Note, [{","    key: 'create',","    value: function create(params, f) {","      return this.client.post('/notes', params, f);","    }","  }, {","    key: 'list',","    value: function list(params, f) {","      return this.client.get('/notes', params, f);","    }","  }, {","    key: 'find',","    value: function find(params, f) {","      return this.client.get('/notes/' + params.id, {}, f);","    }","  }]);","","  return Note;","}();","","exports.default = Note;"],"l":{"3":1,"7":3,"9":1,"11":1,"12":1,"13":0,"15":0,"18":1,"21":0,"26":0,"31":0,"35":1,"38":1}}}